<?xml version="1.0" encoding="UTF-8"?>
<testsuite name="controllers.ControllerTest" tests="28" skipped="0" failures="0" errors="0" timestamp="2023-02-05T21:20:44" hostname="LENOVO3212" time="5.637">
  <properties/>
  <testcase name="deleteTurno()" classname="controllers.ControllerTest" time="1.712"/>
  <testcase name="updatePedido()" classname="controllers.ControllerTest" time="0.128"/>
  <testcase name="deletePedido()" classname="controllers.ControllerTest" time="0.071"/>
  <testcase name="deleteMaquinaPersonalizar()" classname="controllers.ControllerTest" time="0.132"/>
  <testcase name="updateTareaPersonalizacion()" classname="controllers.ControllerTest" time="0.998"/>
  <testcase name="updateTurno()" classname="controllers.ControllerTest" time="0.051"/>
  <testcase name="createTurno()" classname="controllers.ControllerTest" time="0.042"/>
  <testcase name="updateUser()" classname="controllers.ControllerTest" time="0.036"/>
  <testcase name="findAllPedido()" classname="controllers.ControllerTest" time="0.037"/>
  <testcase name="updateProducto()" classname="controllers.ControllerTest" time="0.131"/>
  <testcase name="createMaquinaPersonalizar()" classname="controllers.ControllerTest" time="0.114"/>
  <testcase name="createProducto()" classname="controllers.ControllerTest" time="0.059"/>
  <testcase name="updateMaquinaPersonalizar()" classname="controllers.ControllerTest" time="0.088"/>
  <testcase name="deleteTareaPersonalizacion()" classname="controllers.ControllerTest" time="0.415"/>
  <testcase name="findAllProducto()" classname="controllers.ControllerTest" time="0.106"/>
  <testcase name="deleteMaquinaEncordar()" classname="controllers.ControllerTest" time="0.125"/>
  <testcase name="createMaquinaEncordar()" classname="controllers.ControllerTest" time="0.088"/>
  <testcase name="deleteProducto()" classname="controllers.ControllerTest" time="0.083"/>
  <testcase name="createUser()" classname="controllers.ControllerTest" time="0.026"/>
  <testcase name="createPedido()" classname="controllers.ControllerTest" time="0.036"/>
  <testcase name="deleteUser()" classname="controllers.ControllerTest" time="0.025"/>
  <testcase name="findAllMaquinaEncordarPersonalizar()" classname="controllers.ControllerTest" time="0.08"/>
  <testcase name="findAllTurno()" classname="controllers.ControllerTest" time="0.041"/>
  <testcase name="findAllUsers()" classname="controllers.ControllerTest" time="0.037"/>
  <testcase name="findAllTareaPersonalizar()" classname="controllers.ControllerTest" time="0.414"/>
  <testcase name="findAllMaquinaEncordarEncordar()" classname="controllers.ControllerTest" time="0.079"/>
  <testcase name="createTareaPersonalizar()" classname="controllers.ControllerTest" time="0.369"/>
  <testcase name="updateMaquinaEncordar()" classname="controllers.ControllerTest" time="0.098"/>
  <system-out><![CDATA[22:20:44.143 [Test worker] DEBUG services.cache.CacheClient - SqlDeLightClient.init() - Create Schemas
MongoDB -> mongodb://localhost/tenistas?authSource=admin
22:20:44.913 [Test worker @coroutine#1] DEBUG org.mongodb.driver.cluster - Updating cluster description to  {type=UNKNOWN, servers=[{address=localhost:27017, type=UNKNOWN, state=CONNECTING}]
22:20:44.953 [Test worker @coroutine#1] INFO org.mongodb.driver.client - MongoClient with metadata {"driver": {"name": "mongo-java-driver|reactive-streams|kmongo", "version": "4.7.2"}, "os": {"type": "Windows", "name": "Windows 11", "architecture": "amd64", "version": "10.0"}, "platform": "Java/BellSoft/17.0.3.1+2-LTS|Kotlin/1.7.21"} created with settings MongoClientSettings{readPreference=primary, writeConcern=WriteConcern{w=null, wTimeout=null ms, journal=null}, retryWrites=true, retryReads=true, readConcern=ReadConcern{level=null}, credential=null, streamFactoryFactory=null, commandListeners=[], codecRegistry=ProvidersCodecRegistry{codecProviders=[ProvidersCodecRegistry{codecProviders=[ValueCodecProvider{}, BsonValueCodecProvider{}, DBRefCodecProvider{}, DBObjectCodecProvider{}, DocumentCodecProvider{}, IterableCodecProvider{}, MapCodecProvider{}, GeoJsonCodecProvider{}, GridFSFileCodecProvider{}, Jsr310CodecProvider{}, JsonObjectCodecProvider{}, BsonCodecProvider{}, EnumCodecProvider{}, com.mongodb.Jep395RecordCodecProvider@35d5ac51]}, org.litote.kmongo.service.CustomCodecProvider@b606cb6, ProvidersCodecRegistry{codecProviders=[org.litote.kmongo.jackson.JacksonCodecProvider@2a3194c6]}]}, clusterSettings={hosts=[localhost:27017], srvServiceName=mongodb, mode=SINGLE, requiredClusterType=UNKNOWN, requiredReplicaSetName='null', serverSelector='null', clusterListeners='[]', serverSelectionTimeout='30000 ms', localThreshold='30000 ms'}, socketSettings=SocketSettings{connectTimeoutMS=10000, readTimeoutMS=0, receiveBufferSize=0, sendBufferSize=0}, heartbeatSocketSettings=SocketSettings{connectTimeoutMS=10000, readTimeoutMS=10000, receiveBufferSize=0, sendBufferSize=0}, connectionPoolSettings=ConnectionPoolSettings{maxSize=100, minSize=0, maxWaitTimeMS=120000, maxConnectionLifeTimeMS=0, maxConnectionIdleTimeMS=0, maintenanceInitialDelayMS=0, maintenanceFrequencyMS=60000, connectionPoolListeners=[], maxConnecting=2}, serverSettings=ServerSettings{heartbeatFrequencyMS=10000, minHeartbeatFrequencyMS=500, serverListeners='[]', serverMonitorListeners='[]'}, sslSettings=SslSettings{enabled=false, invalidHostNameAllowed=false, context=null}, applicationName='null', compressorList=[], uuidRepresentation=UNSPECIFIED, serverApi=null, autoEncryptionSettings=null, contextProvider=null}
22:20:44.968 [cluster-rtt-ClusterId{value='63e01daccc53d942a0b0e431', description='null'}-localhost:27017] INFO org.mongodb.driver.connection - Opened connection [connectionId{localValue:2, serverValue:1799}] to localhost:27017
22:20:44.968 [cluster-ClusterId{value='63e01daccc53d942a0b0e431', description='null'}-localhost:27017] INFO org.mongodb.driver.connection - Opened connection [connectionId{localValue:1, serverValue:1800}] to localhost:27017
22:20:44.968 [cluster-ClusterId{value='63e01daccc53d942a0b0e431', description='null'}-localhost:27017] INFO org.mongodb.driver.cluster - Monitor thread successfully connected to server with description ServerDescription{address=localhost:27017, type=STANDALONE, state=CONNECTED, ok=true, minWireVersion=0, maxWireVersion=17, maxDocumentSize=16777216, logicalSessionTimeoutMinutes=30, roundTripTimeNanos=29259900}
22:20:44.970 [cluster-ClusterId{value='63e01daccc53d942a0b0e431', description='null'}-localhost:27017] DEBUG org.mongodb.driver.connection - Marking the connection pool for ServerId{clusterId=ClusterId{value='63e01daccc53d942a0b0e431', description='null'}, address=localhost:27017} as 'ready'
22:20:44.971 [MaintenanceTimer-2-thread-1] DEBUG org.mongodb.driver.connection - Pruning pooled connections to localhost:27017
22:20:44.973 [cluster-ClusterId{value='63e01daccc53d942a0b0e431', description='null'}-localhost:27017] DEBUG org.mongodb.driver.cluster - Updating cluster description to  {type=STANDALONE, servers=[{address=localhost:27017, type=STANDALONE, roundTripTime=29.3 ms, state=CONNECTED}]
22:20:44.973 [cluster-ClusterId{value='63e01daccc53d942a0b0e431', description='null'}-localhost:27017] DEBUG org.mongodb.driver.cluster - Checking status of localhost:27017
22:20:45.011 [Test worker @coroutine#1] DEBUG reactor.util.Loggers$LoggerFactory - Using Slf4j logging framework
22:20:45.114 [Thread-9] INFO org.mongodb.driver.connection - Opened connection [connectionId{localValue:3, serverValue:1801}] to localhost:27017
22:20:45.138 [Thread-9] DEBUG org.mongodb.driver.protocol.command - Sending command '{"drop": "user", "$db": "tenistas", "lsid": {"id": {"$binary": {"base64": "N5Yve4NDRC6QI73/tH5BRA==", "subType": "04"}}}}' with request id 5 to database tenistas on connection [connectionId{localValue:3, serverValue:1801}] to server localhost:27017
22:20:45.140 [Thread-9] DEBUG org.mongodb.driver.protocol.command - Execution of command with request id 5 completed successfully in 7.59 ms on connection [connectionId{localValue:3, serverValue:1801}] to server localhost:27017
22:20:45.203 [AsyncGetter-3-thread-1] DEBUG org.mongodb.driver.protocol.command - Sending command '{"find": "user", "filter": {}, "batchSize": 64, "$db": "tenistas", "lsid": {"id": {"$binary": {"base64": "N5Yve4NDRC6QI73/tH5BRA==", "subType": "04"}}}}' with request id 6 to database tenistas on connection [connectionId{localValue:3, serverValue:1801}] to server localhost:27017
22:20:45.204 [Thread-10] DEBUG org.mongodb.driver.protocol.command - Execution of command with request id 6 completed successfully in 1.66 ms on connection [connectionId{localValue:3, serverValue:1801}] to server localhost:27017
22:20:45.207 [Thread-10] DEBUG org.mongodb.driver.operation - Received batch of 0 documents with cursorId 0 from server localhost:27017
22:20:45.673 [AsyncGetter-3-thread-1] DEBUG org.mongodb.driver.operation - retryWrites set to true but the server is a standalone server.
22:20:45.698 [AsyncGetter-3-thread-1] DEBUG org.mongodb.driver.protocol.command - Sending command '{"update": "user", "ordered": true, "$db": "tenistas", "lsid": {"id": {"$binary": {"base64": "N5Yve4NDRC6QI73/tH5BRA==", "subType": "04"}}}, "updates": [{"q": {"_id": "32"}, "u": {"id": "37", "name": "dsgs", "username": "e23d", "email": "juan", "password": "974f3036f39834082e23f4d70f1feba9d4805b3ee2cedb50b6f1f49f72dd83616c2155f9ff6e08a1cefbf9e6ba2f4aaa45233c8c066a65e002924abfa51590c4", "tipoUser": "CLIENTE", "phone": "3453", "website": "http://www.gfgd"}, "upsert": true}]}' with request id 7 to database tenistas on connection [connectionId{localValue:3, serverValue:1801}] to server localhost:27017
22:20:45.710 [Thread-9] DEBUG org.mongodb.driver.protocol.command - Execution of command with request id 7 completed successfully in 16.67 ms on connection [connectionId{localValue:3, serverValue:1801}] to server localhost:27017
22:20:45.723 [AsyncGetter-3-thread-1] DEBUG org.mongodb.driver.protocol.command - Sending command '{"find": "user", "filter": {"_id": "32"}, "limit": 1, "singleBatch": true, "$db": "tenistas", "lsid": {"id": {"$binary": {"base64": "N5Yve4NDRC6QI73/tH5BRA==", "subType": "04"}}}}' with request id 8 to database tenistas on connection [connectionId{localValue:3, serverValue:1801}] to server localhost:27017
22:20:45.724 [Thread-10] DEBUG org.mongodb.driver.protocol.command - Execution of command with request id 8 completed successfully in 2.14 ms on connection [connectionId{localValue:3, serverValue:1801}] to server localhost:27017
22:20:45.785 [Thread-10] DEBUG org.mongodb.driver.operation - Received batch of 1 documents with cursorId 0 from server localhost:27017
22:20:45.818 [AsyncGetter-3-thread-1] DEBUG org.mongodb.driver.operation - retryWrites set to true but the server is a standalone server.
22:20:45.820 [AsyncGetter-3-thread-1] DEBUG org.mongodb.driver.protocol.command - Sending command '{"update": "turno", "ordered": true, "$db": "tenistas", "lsid": {"id": {"$binary": {"base64": "N5Yve4NDRC6QI73/tH5BRA==", "subType": "04"}}}, "updates": [{"q": {"_id": "123"}, "u": {"fechaInicio": {"$date": "2022-02-15T00:00:00Z"}, "fechaFinal": {"$date": "2024-12-16T00:00:00Z"}, "usuario_id": "32"}, "upsert": true}]}' with request id 9 to database tenistas on connection [connectionId{localValue:3, serverValue:1801}] to server localhost:27017
22:20:45.822 [Thread-9] DEBUG org.mongodb.driver.protocol.command - Execution of command with request id 9 completed successfully in 3.21 ms on connection [connectionId{localValue:3, serverValue:1801}] to server localhost:27017
22:20:45.838 [AsyncGetter-3-thread-1] DEBUG org.mongodb.driver.protocol.command - Sending command '{"find": "turno", "filter": {}, "batchSize": 64, "$db": "tenistas", "lsid": {"id": {"$binary": {"base64": "N5Yve4NDRC6QI73/tH5BRA==", "subType": "04"}}}}' with request id 10 to database tenistas on connection [connectionId{localValue:3, serverValue:1801}] to server localhost:27017
22:20:45.840 [Thread-10] DEBUG org.mongodb.driver.protocol.command - Execution of command with request id 10 completed successfully in 1.74 ms on connection [connectionId{localValue:3, serverValue:1801}] to server localhost:27017
22:20:45.843 [Thread-10] DEBUG org.mongodb.driver.operation - Received batch of 1 documents with cursorId 0 from server localhost:27017
22:20:45.861 [AsyncGetter-3-thread-1] DEBUG org.mongodb.driver.operation - retryWrites set to true but the server is a standalone server.
22:20:45.863 [AsyncGetter-3-thread-1] DEBUG org.mongodb.driver.protocol.command - Sending command '{"delete": "turno", "ordered": true, "$db": "tenistas", "lsid": {"id": {"$binary": {"base64": "N5Yve4NDRC6QI73/tH5BRA==", "subType": "04"}}}, "deletes": [{"q": {"_id": "123"}, "limit": 1}]}' with request id 11 to database tenistas on connection [connectionId{localValue:3, serverValue:1801}] to server localhost:27017
22:20:45.865 [Thread-9] DEBUG org.mongodb.driver.protocol.command - Execution of command with request id 11 completed successfully in 3.12 ms on connection [connectionId{localValue:3, serverValue:1801}] to server localhost:27017
22:20:45.869 [AsyncGetter-3-thread-1] DEBUG org.mongodb.driver.operation - retryWrites set to true but the server is a standalone server.
22:20:45.870 [AsyncGetter-3-thread-1] DEBUG org.mongodb.driver.protocol.command - Sending command '{"delete": "user", "ordered": true, "$db": "tenistas", "lsid": {"id": {"$binary": {"base64": "N5Yve4NDRC6QI73/tH5BRA==", "subType": "04"}}}, "deletes": [{"q": {"_id": "32"}, "limit": 1}]}' with request id 12 to database tenistas on connection [connectionId{localValue:3, serverValue:1801}] to server localhost:27017
22:20:45.871 [Thread-10] DEBUG org.mongodb.driver.protocol.command - Execution of command with request id 12 completed successfully in 1.47 ms on connection [connectionId{localValue:3, serverValue:1801}] to server localhost:27017
22:20:45.875 [AsyncGetter-3-thread-1] DEBUG org.mongodb.driver.protocol.command - Sending command '{"find": "turno", "filter": {}, "batchSize": 64, "$db": "tenistas", "lsid": {"id": {"$binary": {"base64": "N5Yve4NDRC6QI73/tH5BRA==", "subType": "04"}}}}' with request id 13 to database tenistas on connection [connectionId{localValue:3, serverValue:1801}] to server localhost:27017
22:20:45.878 [Thread-9] DEBUG org.mongodb.driver.protocol.command - Execution of command with request id 13 completed successfully in 3.03 ms on connection [connectionId{localValue:3, serverValue:1801}] to server localhost:27017
22:20:45.879 [Thread-9] DEBUG org.mongodb.driver.operation - Received batch of 0 documents with cursorId 0 from server localhost:27017
22:20:45.897 [AsyncGetter-3-thread-1] DEBUG org.mongodb.driver.protocol.command - Sending command '{"drop": "user", "$db": "tenistas", "lsid": {"id": {"$binary": {"base64": "N5Yve4NDRC6QI73/tH5BRA==", "subType": "04"}}}}' with request id 14 to database tenistas on connection [connectionId{localValue:3, serverValue:1801}] to server localhost:27017
22:20:45.899 [Thread-10] DEBUG org.mongodb.driver.protocol.command - Execution of command with request id 14 completed successfully in 2.82 ms on connection [connectionId{localValue:3, serverValue:1801}] to server localhost:27017
22:20:45.901 [AsyncGetter-3-thread-1] DEBUG org.mongodb.driver.protocol.command - Sending command '{"find": "user", "filter": {}, "batchSize": 64, "$db": "tenistas", "lsid": {"id": {"$binary": {"base64": "N5Yve4NDRC6QI73/tH5BRA==", "subType": "04"}}}}' with request id 15 to database tenistas on connection [connectionId{localValue:3, serverValue:1801}] to server localhost:27017
22:20:45.903 [Thread-9] DEBUG org.mongodb.driver.protocol.command - Execution of command with request id 15 completed successfully in 1.61 ms on connection [connectionId{localValue:3, serverValue:1801}] to server localhost:27017
22:20:45.903 [Thread-9] DEBUG org.mongodb.driver.operation - Received batch of 0 documents with cursorId 0 from server localhost:27017
22:20:45.904 [AsyncGetter-3-thread-1] DEBUG org.mongodb.driver.operation - retryWrites set to true but the server is a standalone server.
22:20:45.906 [AsyncGetter-3-thread-1] DEBUG org.mongodb.driver.protocol.command - Sending command '{"update": "user", "ordered": true, "$db": "tenistas", "lsid": {"id": {"$binary": {"base64": "N5Yve4NDRC6QI73/tH5BRA==", "subType": "04"}}}, "updates": [{"q": {"_id": "32"}, "u": {"id": "37", "name": "dsgs", "username": "e23d", "email": "juan", "password": "974f3036f39834082e23f4d70f1feba9d4805b3ee2cedb50b6f1f49f72dd83616c2155f9ff6e08a1cefbf9e6ba2f4aaa45233c8c066a65e002924abfa51590c4", "tipoUser": "CLIENTE", "phone": "3453", "website": "http://www.gfgd"}, "upsert": true}]}' with request id 16 to database tenistas on connection [connectionId{localValue:3, serverValue:1801}] to server localhost:27017
22:20:45.919 [Thread-10] DEBUG org.mongodb.driver.protocol.command - Execution of command with request id 16 completed successfully in 14.13 ms on connection [connectionId{localValue:3, serverValue:1801}] to server localhost:27017
22:20:45.923 [AsyncGetter-3-thread-1] DEBUG org.mongodb.driver.protocol.command - Sending command '{"find": "user", "filter": {"_id": "32"}, "limit": 1, "singleBatch": true, "$db": "tenistas", "lsid": {"id": {"$binary": {"base64": "N5Yve4NDRC6QI73/tH5BRA==", "subType": "04"}}}}' with request id 17 to database tenistas on connection [connectionId{localValue:3, serverValue:1801}] to server localhost:27017
22:20:45.924 [Thread-9] DEBUG org.mongodb.driver.protocol.command - Execution of command with request id 17 completed successfully in 1.73 ms on connection [connectionId{localValue:3, serverValue:1801}] to server localhost:27017
22:20:45.928 [Thread-9] DEBUG org.mongodb.driver.operation - Received batch of 1 documents with cursorId 0 from server localhost:27017
22:20:45.959 [AsyncGetter-3-thread-1] DEBUG org.mongodb.driver.operation - retryWrites set to true but the server is a standalone server.
22:20:45.963 [AsyncGetter-3-thread-1] DEBUG org.mongodb.driver.protocol.command - Sending command '{"update": "pedido", "ordered": true, "$db": "tenistas", "lsid": {"id": {"$binary": {"base64": "N5Yve4NDRC6QI73/tH5BRA==", "subType": "04"}}}, "updates": [{"q": {"_id": "123456789"}, "u": {"estado": "EN_PROCESO", "fechaEntrada": {"$date": "2022-12-27T00:00:00Z"}, "fechaSalidaProgramada": {"$date": "2022-12-27T00:00:00Z"}, "fechaEntrega": {"$date": "2022-12-27T00:00:00Z"}, "precio": 222.2, "usuario_id": "32"}, "upsert": true}]}' with request id 18 to database tenistas on connection [connectionId{localValue:3, serverValue:1801}] to server localhost:27017
22:20:45.966 [Thread-10] DEBUG org.mongodb.driver.protocol.command - Execution of command with request id 18 completed successfully in 4.53 ms on connection [connectionId{localValue:3, serverValue:1801}] to server localhost:27017
22:20:45.976 [AsyncGetter-3-thread-1] DEBUG org.mongodb.driver.operation - retryWrites set to true but the server is a standalone server.
22:20:45.984 [AsyncGetter-3-thread-1] DEBUG org.mongodb.driver.protocol.command - Sending command '{"update": "pedido", "ordered": true, "$db": "tenistas", "lsid": {"id": {"$binary": {"base64": "N5Yve4NDRC6QI73/tH5BRA==", "subType": "04"}}}, "updates": [{"q": {"_id": "123456789"}, "u": {"$set": {"estado": "TERMINADO", "fechaEntrada": {"$date": "2022-12-27T00:00:00Z"}, "fechaSalidaProgramada": {"$date": "2022-12-27T00:00:00Z"}, "fechaEntrega": {"$date": "2022-12-27T00:00:00Z"}, "precio": 222.2, "usuario_id": "32"}}}]}' with request id 19 to database tenistas on connection [connectionId{localValue:3, serverValue:1801}] to server localhost:27017
22:20:45.987 [Thread-9] DEBUG org.mongodb.driver.protocol.command - Execution of command with request id 19 completed successfully in 6.18 ms on connection [connectionId{localValue:3, serverValue:1801}] to server localhost:27017
22:20:45.991 [AsyncGetter-3-thread-1] DEBUG org.mongodb.driver.protocol.command - Sending command '{"find": "pedido", "filter": {}, "batchSize": 64, "$db": "tenistas", "lsid": {"id": {"$binary": {"base64": "N5Yve4NDRC6QI73/tH5BRA==", "subType": "04"}}}}' with request id 20 to database tenistas on connection [connectionId{localValue:3, serverValue:1801}] to server localhost:27017
22:20:45.994 [Thread-10] DEBUG org.mongodb.driver.protocol.command - Execution of command with request id 20 completed successfully in 3.90 ms on connection [connectionId{localValue:3, serverValue:1801}] to server localhost:27017
22:20:46.004 [Thread-10] DEBUG org.mongodb.driver.operation - Received batch of 1 documents with cursorId 0 from server localhost:27017
22:20:46.010 [AsyncGetter-3-thread-1] DEBUG org.mongodb.driver.operation - retryWrites set to true but the server is a standalone server.
22:20:46.011 [AsyncGetter-3-thread-1] DEBUG org.mongodb.driver.protocol.command - Sending command '{"delete": "pedido", "ordered": true, "$db": "tenistas", "lsid": {"id": {"$binary": {"base64": "N5Yve4NDRC6QI73/tH5BRA==", "subType": "04"}}}, "deletes": [{"q": {"_id": "123"}, "limit": 1}]}' with request id 21 to database tenistas on connection [connectionId{localValue:3, serverValue:1801}] to server localhost:27017
22:20:46.013 [Thread-9] DEBUG org.mongodb.driver.protocol.command - Execution of command with request id 21 completed successfully in 2.01 ms on connection [connectionId{localValue:3, serverValue:1801}] to server localhost:27017
22:20:46.015 [AsyncGetter-3-thread-1] DEBUG org.mongodb.driver.operation - retryWrites set to true but the server is a standalone server.
22:20:46.016 [AsyncGetter-3-thread-1] DEBUG org.mongodb.driver.protocol.command - Sending command '{"delete": "user", "ordered": true, "$db": "tenistas", "lsid": {"id": {"$binary": {"base64": "N5Yve4NDRC6QI73/tH5BRA==", "subType": "04"}}}, "deletes": [{"q": {"_id": "32"}, "limit": 1}]}' with request id 22 to database tenistas on connection [connectionId{localValue:3, serverValue:1801}] to server localhost:27017
22:20:46.017 [Thread-10] DEBUG org.mongodb.driver.protocol.command - Execution of command with request id 22 completed successfully in 1.41 ms on connection [connectionId{localValue:3, serverValue:1801}] to server localhost:27017
22:20:46.020 [AsyncGetter-3-thread-1] DEBUG org.mongodb.driver.protocol.command - Sending command '{"drop": "user", "$db": "tenistas", "lsid": {"id": {"$binary": {"base64": "N5Yve4NDRC6QI73/tH5BRA==", "subType": "04"}}}}' with request id 23 to database tenistas on connection [connectionId{localValue:3, serverValue:1801}] to server localhost:27017
22:20:46.023 [Thread-9] DEBUG org.mongodb.driver.protocol.command - Execution of command with request id 23 completed successfully in 1.70 ms on connection [connectionId{localValue:3, serverValue:1801}] to server localhost:27017
22:20:46.025 [AsyncGetter-3-thread-1] DEBUG org.mongodb.driver.protocol.command - Sending command '{"drop": "pedido", "$db": "tenistas", "lsid": {"id": {"$binary": {"base64": "N5Yve4NDRC6QI73/tH5BRA==", "subType": "04"}}}}' with request id 24 to database tenistas on connection [connectionId{localValue:3, serverValue:1801}] to server localhost:27017
22:20:46.028 [Thread-10] DEBUG org.mongodb.driver.protocol.command - Execution of command with request id 24 completed successfully in 4.49 ms on connection [connectionId{localValue:3, serverValue:1801}] to server localhost:27017
22:20:46.030 [AsyncGetter-3-thread-1] DEBUG org.mongodb.driver.protocol.command - Sending command '{"find": "user", "filter": {}, "batchSize": 64, "$db": "tenistas", "lsid": {"id": {"$binary": {"base64": "N5Yve4NDRC6QI73/tH5BRA==", "subType": "04"}}}}' with request id 25 to database tenistas on connection [connectionId{localValue:3, serverValue:1801}] to server localhost:27017
22:20:46.032 [Thread-9] DEBUG org.mongodb.driver.protocol.command - Execution of command with request id 25 completed successfully in 1.83 ms on connection [connectionId{localValue:3, serverValue:1801}] to server localhost:27017
22:20:46.032 [Thread-9] DEBUG org.mongodb.driver.operation - Received batch of 0 documents with cursorId 0 from server localhost:27017
22:20:46.034 [AsyncGetter-3-thread-1] DEBUG org.mongodb.driver.operation - retryWrites set to true but the server is a standalone server.
22:20:46.034 [AsyncGetter-3-thread-1] DEBUG org.mongodb.driver.protocol.command - Sending command '{"update": "user", "ordered": true, "$db": "tenistas", "lsid": {"id": {"$binary": {"base64": "N5Yve4NDRC6QI73/tH5BRA==", "subType": "04"}}}, "updates": [{"q": {"_id": "32"}, "u": {"id": "37", "name": "dsgs", "username": "e23d", "email": "juan", "password": "974f3036f39834082e23f4d70f1feba9d4805b3ee2cedb50b6f1f49f72dd83616c2155f9ff6e08a1cefbf9e6ba2f4aaa45233c8c066a65e002924abfa51590c4", "tipoUser": "CLIENTE", "phone": "3453", "website": "http://www.gfgd"}, "upsert": true}]}' with request id 26 to database tenistas on connection [connectionId{localValue:3, serverValue:1801}] to server localhost:27017
22:20:46.050 [Thread-10] DEBUG org.mongodb.driver.protocol.command - Execution of command with request id 26 completed successfully in 15.69 ms on connection [connectionId{localValue:3, serverValue:1801}] to server localhost:27017
22:20:46.052 [AsyncGetter-3-thread-1] DEBUG org.mongodb.driver.protocol.command - Sending command '{"find": "user", "filter": {"_id": "32"}, "limit": 1, "singleBatch": true, "$db": "tenistas", "lsid": {"id": {"$binary": {"base64": "N5Yve4NDRC6QI73/tH5BRA==", "subType": "04"}}}}' with request id 27 to database tenistas on connection [connectionId{localValue:3, serverValue:1801}] to server localhost:27017
22:20:46.053 [Thread-9] DEBUG org.mongodb.driver.protocol.command - Execution of command with request id 27 completed successfully in 1.44 ms on connection [connectionId{localValue:3, serverValue:1801}] to server localhost:27017
22:20:46.054 [Thread-9] DEBUG org.mongodb.driver.operation - Received batch of 1 documents with cursorId 0 from server localhost:27017
22:20:46.055 [AsyncGetter-3-thread-1] DEBUG org.mongodb.driver.operation - retryWrites set to true but the server is a standalone server.
22:20:46.057 [AsyncGetter-3-thread-1] DEBUG org.mongodb.driver.protocol.command - Sending command '{"update": "pedido", "ordered": true, "$db": "tenistas", "lsid": {"id": {"$binary": {"base64": "N5Yve4NDRC6QI73/tH5BRA==", "subType": "04"}}}, "updates": [{"q": {"_id": "123456789"}, "u": {"estado": "EN_PROCESO", "fechaEntrada": {"$date": "2022-12-27T00:00:00Z"}, "fechaSalidaProgramada": {"$date": "2022-12-27T00:00:00Z"}, "fechaEntrega": {"$date": "2022-12-27T00:00:00Z"}, "precio": 222.2, "usuario_id": "32"}, "upsert": true}]}' with request id 28 to database tenistas on connection [connectionId{localValue:3, serverValue:1801}] to server localhost:27017
22:20:46.071 [Thread-10] DEBUG org.mongodb.driver.protocol.command - Execution of command with request id 28 completed successfully in 14.81 ms on connection [connectionId{localValue:3, serverValue:1801}] to server localhost:27017
22:20:46.073 [AsyncGetter-3-thread-1] DEBUG org.mongodb.driver.protocol.command - Sending command '{"find": "pedido", "filter": {}, "batchSize": 64, "$db": "tenistas", "lsid": {"id": {"$binary": {"base64": "N5Yve4NDRC6QI73/tH5BRA==", "subType": "04"}}}}' with request id 29 to database tenistas on connection [connectionId{localValue:3, serverValue:1801}] to server localhost:27017
22:20:46.074 [Thread-9] DEBUG org.mongodb.driver.protocol.command - Execution of command with request id 29 completed successfully in 1.31 ms on connection [connectionId{localValue:3, serverValue:1801}] to server localhost:27017
22:20:46.076 [Thread-9] DEBUG org.mongodb.driver.operation - Received batch of 1 documents with cursorId 0 from server localhost:27017
22:20:46.078 [AsyncGetter-3-thread-1] DEBUG org.mongodb.driver.operation - retryWrites set to true but the server is a standalone server.
22:20:46.079 [AsyncGetter-3-thread-1] DEBUG org.mongodb.driver.protocol.command - Sending command '{"delete": "pedido", "ordered": true, "$db": "tenistas", "lsid": {"id": {"$binary": {"base64": "N5Yve4NDRC6QI73/tH5BRA==", "subType": "04"}}}, "deletes": [{"q": {"_id": "123456789"}, "limit": 1}]}' with request id 30 to database tenistas on connection [connectionId{localValue:3, serverValue:1801}] to server localhost:27017
22:20:46.081 [Thread-10] DEBUG org.mongodb.driver.protocol.command - Execution of command with request id 30 completed successfully in 1.47 ms on connection [connectionId{localValue:3, serverValue:1801}] to server localhost:27017
22:20:46.081 [AsyncGetter-3-thread-1] DEBUG org.mongodb.driver.operation - retryWrites set to true but the server is a standalone server.
22:20:46.083 [AsyncGetter-3-thread-1] DEBUG org.mongodb.driver.protocol.command - Sending command '{"delete": "user", "ordered": true, "$db": "tenistas", "lsid": {"id": {"$binary": {"base64": "N5Yve4NDRC6QI73/tH5BRA==", "subType": "04"}}}, "deletes": [{"q": {"_id": "32"}, "limit": 1}]}' with request id 31 to database tenistas on connection [connectionId{localValue:3, serverValue:1801}] to server localhost:27017
22:20:46.084 [Thread-10] DEBUG org.mongodb.driver.protocol.command - Execution of command with request id 31 completed successfully in 2.16 ms on connection [connectionId{localValue:3, serverValue:1801}] to server localhost:27017
22:20:46.086 [AsyncGetter-3-thread-1] DEBUG org.mongodb.driver.protocol.command - Sending command '{"find": "pedido", "filter": {}, "batchSize": 64, "$db": "tenistas", "lsid": {"id": {"$binary": {"base64": "N5Yve4NDRC6QI73/tH5BRA==", "subType": "04"}}}}' with request id 32 to database tenistas on connection [connectionId{localValue:3, serverValue:1801}] to server localhost:27017
22:20:46.087 [Thread-9] DEBUG org.mongodb.driver.protocol.command - Execution of command with request id 32 completed successfully in 1.28 ms on connection [connectionId{localValue:3, serverValue:1801}] to server localhost:27017
22:20:46.087 [Thread-9] DEBUG org.mongodb.driver.operation - Received batch of 0 documents with cursorId 0 from server localhost:27017
22:20:46.094 [AsyncGetter-3-thread-1] DEBUG org.mongodb.driver.protocol.command - Sending command '{"drop": "user", "$db": "tenistas", "lsid": {"id": {"$binary": {"base64": "N5Yve4NDRC6QI73/tH5BRA==", "subType": "04"}}}}' with request id 33 to database tenistas on connection [connectionId{localValue:3, serverValue:1801}] to server localhost:27017
22:20:46.097 [Thread-10] DEBUG org.mongodb.driver.protocol.command - Execution of command with request id 33 completed successfully in 2.04 ms on connection [connectionId{localValue:3, serverValue:1801}] to server localhost:27017
22:20:46.099 [AsyncGetter-3-thread-1] DEBUG org.mongodb.driver.protocol.command - Sending command '{"drop": "turno", "$db": "tenistas", "lsid": {"id": {"$binary": {"base64": "N5Yve4NDRC6QI73/tH5BRA==", "subType": "04"}}}}' with request id 34 to database tenistas on connection [connectionId{localValue:3, serverValue:1801}] to server localhost:27017
22:20:46.101 [Thread-9] DEBUG org.mongodb.driver.protocol.command - Execution of command with request id 34 completed successfully in 3.06 ms on connection [connectionId{localValue:3, serverValue:1801}] to server localhost:27017
22:20:46.103 [AsyncGetter-3-thread-1] DEBUG org.mongodb.driver.protocol.command - Sending command '{"drop": "maquinaPersonalizar", "$db": "tenistas", "lsid": {"id": {"$binary": {"base64": "N5Yve4NDRC6QI73/tH5BRA==", "subType": "04"}}}}' with request id 35 to database tenistas on connection [connectionId{localValue:3, serverValue:1801}] to server localhost:27017
22:20:46.104 [Thread-10] DEBUG org.mongodb.driver.protocol.command - Execution of command with request id 35 completed successfully in 1.73 ms on connection [connectionId{localValue:3, serverValue:1801}] to server localhost:27017
22:20:46.107 [AsyncGetter-3-thread-1] DEBUG org.mongodb.driver.protocol.command - Sending command '{"find": "user", "filter": {}, "batchSize": 64, "$db": "tenistas", "lsid": {"id": {"$binary": {"base64": "N5Yve4NDRC6QI73/tH5BRA==", "subType": "04"}}}}' with request id 36 to database tenistas on connection [connectionId{localValue:3, serverValue:1801}] to server localhost:27017
22:20:46.110 [Thread-9] DEBUG org.mongodb.driver.protocol.command - Execution of command with request id 36 completed successfully in 2.38 ms on connection [connectionId{localValue:3, serverValue:1801}] to server localhost:27017
22:20:46.111 [Thread-9] DEBUG org.mongodb.driver.operation - Received batch of 0 documents with cursorId 0 from server localhost:27017
22:20:46.113 [AsyncGetter-3-thread-1] DEBUG org.mongodb.driver.operation - retryWrites set to true but the server is a standalone server.
22:20:46.115 [AsyncGetter-3-thread-1] DEBUG org.mongodb.driver.protocol.command - Sending command '{"update": "user", "ordered": true, "$db": "tenistas", "lsid": {"id": {"$binary": {"base64": "N5Yve4NDRC6QI73/tH5BRA==", "subType": "04"}}}, "updates": [{"q": {"_id": "32"}, "u": {"id": "37", "name": "dsgs", "username": "e23d", "email": "juan", "password": "974f3036f39834082e23f4d70f1feba9d4805b3ee2cedb50b6f1f49f72dd83616c2155f9ff6e08a1cefbf9e6ba2f4aaa45233c8c066a65e002924abfa51590c4", "tipoUser": "CLIENTE", "phone": "3453", "website": "http://www.gfgd"}, "upsert": true}]}' with request id 37 to database tenistas on connection [connectionId{localValue:3, serverValue:1801}] to server localhost:27017
22:20:46.131 [Thread-10] DEBUG org.mongodb.driver.protocol.command - Execution of command with request id 37 completed successfully in 17.71 ms on connection [connectionId{localValue:3, serverValue:1801}] to server localhost:27017
22:20:46.134 [AsyncGetter-3-thread-1] DEBUG org.mongodb.driver.protocol.command - Sending command '{"find": "user", "filter": {"_id": "32"}, "limit": 1, "singleBatch": true, "$db": "tenistas", "lsid": {"id": {"$binary": {"base64": "N5Yve4NDRC6QI73/tH5BRA==", "subType": "04"}}}}' with request id 38 to database tenistas on connection [connectionId{localValue:3, serverValue:1801}] to server localhost:27017
22:20:46.136 [Thread-9] DEBUG org.mongodb.driver.protocol.command - Execution of command with request id 38 completed successfully in 1.48 ms on connection [connectionId{localValue:3, serverValue:1801}] to server localhost:27017
22:20:46.136 [Thread-9] DEBUG org.mongodb.driver.operation - Received batch of 1 documents with cursorId 0 from server localhost:27017
22:20:46.138 [AsyncGetter-3-thread-1] DEBUG org.mongodb.driver.operation - retryWrites set to true but the server is a standalone server.
22:20:46.139 [AsyncGetter-3-thread-1] DEBUG org.mongodb.driver.protocol.command - Sending command '{"update": "turno", "ordered": true, "$db": "tenistas", "lsid": {"id": {"$binary": {"base64": "N5Yve4NDRC6QI73/tH5BRA==", "subType": "04"}}}, "updates": [{"q": {"_id": "123"}, "u": {"fechaInicio": {"$date": "2022-02-15T00:00:00Z"}, "fechaFinal": {"$date": "2024-12-16T00:00:00Z"}, "usuario_id": "32"}, "upsert": true}]}' with request id 39 to database tenistas on connection [connectionId{localValue:3, serverValue:1801}] to server localhost:27017
22:20:46.154 [Thread-10] DEBUG org.mongodb.driver.protocol.command - Execution of command with request id 39 completed successfully in 16.17 ms on connection [connectionId{localValue:3, serverValue:1801}] to server localhost:27017
22:20:46.157 [AsyncGetter-3-thread-1] DEBUG org.mongodb.driver.protocol.command - Sending command '{"find": "turno", "filter": {}, "batchSize": 64, "$db": "tenistas", "lsid": {"id": {"$binary": {"base64": "N5Yve4NDRC6QI73/tH5BRA==", "subType": "04"}}}}' with request id 40 to database tenistas on connection [connectionId{localValue:3, serverValue:1801}] to server localhost:27017
22:20:46.161 [Thread-9] DEBUG org.mongodb.driver.protocol.command - Execution of command with request id 40 completed successfully in 3.06 ms on connection [connectionId{localValue:3, serverValue:1801}] to server localhost:27017
22:20:46.162 [Thread-9] DEBUG org.mongodb.driver.operation - Received batch of 1 documents with cursorId 0 from server localhost:27017
22:20:46.180 [AsyncGetter-3-thread-1] DEBUG org.mongodb.driver.operation - retryWrites set to true but the server is a standalone server.
22:20:46.182 [AsyncGetter-3-thread-1] DEBUG org.mongodb.driver.protocol.command - Sending command '{"update": "maquinaPersonalizar", "ordered": true, "$db": "tenistas", "lsid": {"id": {"$binary": {"base64": "N5Yve4NDRC6QI73/tH5BRA==", "subType": "04"}}}, "updates": [{"q": {"_id": "63e01dabcc53d942a0b0e430"}, "u": {"marca": "Maquina marca Personalizacion 1", "modelo": "Maquina modelo Personalizacion 1", "fechaAdquisicion": {"$date": "2022-12-27T00:00:00Z"}, "numeroSerie": "3345", "swingweight": "true", "balance": 12.32, "rigidez": 11.0, "turno_id": "123"}, "upsert": true}]}' with request id 41 to database tenistas on connection [connectionId{localValue:3, serverValue:1801}] to server localhost:27017
22:20:46.197 [Thread-10] DEBUG org.mongodb.driver.protocol.command - Execution of command with request id 41 completed successfully in 15.65 ms on connection [connectionId{localValue:3, serverValue:1801}] to server localhost:27017
22:20:46.200 [AsyncGetter-3-thread-1] DEBUG org.mongodb.driver.protocol.command - Sending command '{"find": "maquinaPersonalizar", "filter": {}, "batchSize": 64, "$db": "tenistas", "lsid": {"id": {"$binary": {"base64": "N5Yve4NDRC6QI73/tH5BRA==", "subType": "04"}}}}' with request id 42 to database tenistas on connection [connectionId{localValue:3, serverValue:1801}] to server localhost:27017
22:20:46.201 [Thread-9] DEBUG org.mongodb.driver.protocol.command - Execution of command with request id 42 completed successfully in 2.04 ms on connection [connectionId{localValue:3, serverValue:1801}] to server localhost:27017
22:20:46.207 [Thread-9] DEBUG org.mongodb.driver.operation - Received batch of 1 documents with cursorId 0 from server localhost:27017
22:20:46.211 [AsyncGetter-3-thread-1] DEBUG org.mongodb.driver.operation - retryWrites set to true but the server is a standalone server.
22:20:46.212 [AsyncGetter-3-thread-1] DEBUG org.mongodb.driver.protocol.command - Sending command '{"delete": "maquinaPersonalizar", "ordered": true, "$db": "tenistas", "lsid": {"id": {"$binary": {"base64": "N5Yve4NDRC6QI73/tH5BRA==", "subType": "04"}}}, "deletes": [{"q": {"_id": "63e01dabcc53d942a0b0e430"}, "limit": 1}]}' with request id 43 to database tenistas on connection [connectionId{localValue:3, serverValue:1801}] to server localhost:27017
22:20:46.213 [Thread-10] DEBUG org.mongodb.driver.protocol.command - Execution of command with request id 43 completed successfully in 1.94 ms on connection [connectionId{localValue:3, serverValue:1801}] to server localhost:27017
22:20:46.215 [AsyncGetter-3-thread-1] DEBUG org.mongodb.driver.operation - retryWrites set to true but the server is a standalone server.
22:20:46.215 [AsyncGetter-3-thread-1] DEBUG org.mongodb.driver.protocol.command - Sending command '{"delete": "turno", "ordered": true, "$db": "tenistas", "lsid": {"id": {"$binary": {"base64": "N5Yve4NDRC6QI73/tH5BRA==", "subType": "04"}}}, "deletes": [{"q": {"_id": "123"}, "limit": 1}]}' with request id 44 to database tenistas on connection [connectionId{localValue:3, serverValue:1801}] to server localhost:27017
22:20:46.216 [Thread-9] DEBUG org.mongodb.driver.protocol.command - Execution of command with request id 44 completed successfully in 1.18 ms on connection [connectionId{localValue:3, serverValue:1801}] to server localhost:27017
22:20:46.217 [AsyncGetter-3-thread-1] DEBUG org.mongodb.driver.operation - retryWrites set to true but the server is a standalone server.
22:20:46.217 [AsyncGetter-3-thread-1] DEBUG org.mongodb.driver.protocol.command - Sending command '{"delete": "user", "ordered": true, "$db": "tenistas", "lsid": {"id": {"$binary": {"base64": "N5Yve4NDRC6QI73/tH5BRA==", "subType": "04"}}}, "deletes": [{"q": {"_id": "32"}, "limit": 1}]}' with request id 45 to database tenistas on connection [connectionId{localValue:3, serverValue:1801}] to server localhost:27017
22:20:46.218 [Thread-10] DEBUG org.mongodb.driver.protocol.command - Execution of command with request id 45 completed successfully in 0.97 ms on connection [connectionId{localValue:3, serverValue:1801}] to server localhost:27017
22:20:46.220 [AsyncGetter-3-thread-1] DEBUG org.mongodb.driver.protocol.command - Sending command '{"find": "maquinaPersonalizar", "filter": {}, "batchSize": 64, "$db": "tenistas", "lsid": {"id": {"$binary": {"base64": "N5Yve4NDRC6QI73/tH5BRA==", "subType": "04"}}}}' with request id 46 to database tenistas on connection [connectionId{localValue:3, serverValue:1801}] to server localhost:27017
22:20:46.221 [Thread-9] DEBUG org.mongodb.driver.protocol.command - Execution of command with request id 46 completed successfully in 1.00 ms on connection [connectionId{localValue:3, serverValue:1801}] to server localhost:27017
22:20:46.221 [Thread-9] DEBUG org.mongodb.driver.operation - Received batch of 0 documents with cursorId 0 from server localhost:27017
22:20:46.226 [AsyncGetter-3-thread-1] DEBUG org.mongodb.driver.protocol.command - Sending command '{"find": "user", "filter": {}, "batchSize": 64, "$db": "tenistas", "lsid": {"id": {"$binary": {"base64": "N5Yve4NDRC6QI73/tH5BRA==", "subType": "04"}}}}' with request id 47 to database tenistas on connection [connectionId{localValue:3, serverValue:1801}] to server localhost:27017
22:20:46.228 [Thread-10] DEBUG org.mongodb.driver.protocol.command - Execution of command with request id 47 completed successfully in 2.21 ms on connection [connectionId{localValue:3, serverValue:1801}] to server localhost:27017
22:20:46.229 [Thread-10] DEBUG org.mongodb.driver.operation - Received batch of 0 documents with cursorId 0 from server localhost:27017
22:20:46.230 [AsyncGetter-3-thread-1] DEBUG org.mongodb.driver.operation - retryWrites set to true but the server is a standalone server.
22:20:46.234 [AsyncGetter-3-thread-1] DEBUG org.mongodb.driver.protocol.command - Sending command '{"update": "user", "ordered": true, "$db": "tenistas", "lsid": {"id": {"$binary": {"base64": "N5Yve4NDRC6QI73/tH5BRA==", "subType": "04"}}}, "updates": [{"q": {"_id": "32"}, "u": {"id": "37", "name": "dsgs", "username": "e23d", "email": "juan", "password": "974f3036f39834082e23f4d70f1feba9d4805b3ee2cedb50b6f1f49f72dd83616c2155f9ff6e08a1cefbf9e6ba2f4aaa45233c8c066a65e002924abfa51590c4", "tipoUser": "CLIENTE", "phone": "3453", "website": "http://www.gfgd"}, "upsert": true}]}' with request id 48 to database tenistas on connection [connectionId{localValue:3, serverValue:1801}] to server localhost:27017
22:20:46.234 [Thread-9] DEBUG org.mongodb.driver.protocol.command - Execution of command with request id 48 completed successfully in 4.35 ms on connection [connectionId{localValue:3, serverValue:1801}] to server localhost:27017
22:20:46.237 [AsyncGetter-3-thread-1] DEBUG org.mongodb.driver.protocol.command - Sending command '{"find": "user", "filter": {"_id": "32"}, "limit": 1, "singleBatch": true, "$db": "tenistas", "lsid": {"id": {"$binary": {"base64": "N5Yve4NDRC6QI73/tH5BRA==", "subType": "04"}}}}' with request id 49 to database tenistas on connection [connectionId{localValue:3, serverValue:1801}] to server localhost:27017
22:20:46.238 [Thread-10] DEBUG org.mongodb.driver.protocol.command - Execution of command with request id 49 completed successfully in 1.28 ms on connection [connectionId{localValue:3, serverValue:1801}] to server localhost:27017
22:20:46.239 [Thread-10] DEBUG org.mongodb.driver.operation - Received batch of 1 documents with cursorId 0 from server localhost:27017
22:20:46.240 [AsyncGetter-3-thread-1] DEBUG org.mongodb.driver.operation - retryWrites set to true but the server is a standalone server.
22:20:46.242 [AsyncGetter-3-thread-1] DEBUG org.mongodb.driver.protocol.command - Sending command '{"update": "pedido", "ordered": true, "$db": "tenistas", "lsid": {"id": {"$binary": {"base64": "N5Yve4NDRC6QI73/tH5BRA==", "subType": "04"}}}, "updates": [{"q": {"_id": "123456789"}, "u": {"estado": "EN_PROCESO", "fechaEntrada": {"$date": "2022-12-27T00:00:00Z"}, "fechaSalidaProgramada": {"$date": "2022-12-27T00:00:00Z"}, "fechaEntrega": {"$date": "2022-12-27T00:00:00Z"}, "precio": 222.2, "usuario_id": "32"}, "upsert": true}]}' with request id 50 to database tenistas on connection [connectionId{localValue:3, serverValue:1801}] to server localhost:27017
22:20:46.244 [Thread-9] DEBUG org.mongodb.driver.protocol.command - Execution of command with request id 50 completed successfully in 3.08 ms on connection [connectionId{localValue:3, serverValue:1801}] to server localhost:27017
22:20:46.249 [AsyncGetter-3-thread-1] DEBUG org.mongodb.driver.protocol.command - Sending command '{"find": "pedido", "filter": {"_id": "123456789"}, "limit": 1, "singleBatch": true, "$db": "tenistas", "lsid": {"id": {"$binary": {"base64": "N5Yve4NDRC6QI73/tH5BRA==", "subType": "04"}}}}' with request id 51 to database tenistas on connection [connectionId{localValue:3, serverValue:1801}] to server localhost:27017
22:20:46.250 [Thread-10] DEBUG org.mongodb.driver.protocol.command - Execution of command with request id 51 completed successfully in 1.49 ms on connection [connectionId{localValue:3, serverValue:1801}] to server localhost:27017
22:20:46.251 [Thread-10] DEBUG org.mongodb.driver.operation - Received batch of 1 documents with cursorId 0 from server localhost:27017
22:20:47.136 [Test worker @background work runner#63] DEBUG repositories.ktorfit.KtorfitRepository - create(TareaDto(userId=32, id=63e01daecc53d942a0b0e432, title=Tarea Personalizacio, completed=EN_PROCESO)) - OK
22:20:47.141 [AsyncGetter-3-thread-1] DEBUG org.mongodb.driver.protocol.command - Sending command '{"find": "pedido", "filter": {"_id": "123456789"}, "limit": 1, "singleBatch": true, "$db": "tenistas", "lsid": {"id": {"$binary": {"base64": "N5Yve4NDRC6QI73/tH5BRA==", "subType": "04"}}}}' with request id 52 to database tenistas on connection [connectionId{localValue:3, serverValue:1801}] to server localhost:27017
22:20:47.144 [Thread-9] DEBUG org.mongodb.driver.protocol.command - Execution of command with request id 52 completed successfully in 3.46 ms on connection [connectionId{localValue:3, serverValue:1801}] to server localhost:27017
22:20:47.144 [Thread-9] DEBUG org.mongodb.driver.operation - Received batch of 1 documents with cursorId 0 from server localhost:27017
22:20:47.173 [AsyncGetter-3-thread-1] DEBUG org.mongodb.driver.operation - retryWrites set to true but the server is a standalone server.
22:20:47.176 [AsyncGetter-3-thread-1] DEBUG org.mongodb.driver.protocol.command - Sending command '{"update": "tareaPersonalizacion", "ordered": true, "$db": "tenistas", "lsid": {"id": {"$binary": {"base64": "N5Yve4NDRC6QI73/tH5BRA==", "subType": "04"}}}, "updates": [{"q": {"_id": "63e01daecc53d942a0b0e432"}, "u": {"rigidez": 8.0, "peso": 14.2, "balance": 1.1, "precio": 222.2, "pedido_id": "123456789"}, "upsert": true}]}' with request id 53 to database tenistas on connection [connectionId{localValue:3, serverValue:1801}] to server localhost:27017
22:20:47.179 [Thread-10] DEBUG org.mongodb.driver.protocol.command - Execution of command with request id 53 completed successfully in 3.42 ms on connection [connectionId{localValue:3, serverValue:1801}] to server localhost:27017
22:20:47.184 [AsyncGetter-3-thread-1] DEBUG org.mongodb.driver.operation - retryWrites set to true but the server is a standalone server.
22:20:47.185 [AsyncGetter-3-thread-1] DEBUG org.mongodb.driver.protocol.command - Sending command '{"update": "tareaPersonalizacion", "ordered": true, "$db": "tenistas", "lsid": {"id": {"$binary": {"base64": "N5Yve4NDRC6QI73/tH5BRA==", "subType": "04"}}}, "updates": [{"q": {"_id": "63e01daecc53d942a0b0e432"}, "u": {"$set": {"rigidez": 8.0, "peso": 14.2, "balance": 1.1, "precio": 222.2, "pedido_id": "123456789"}}}]}' with request id 54 to database tenistas on connection [connectionId{localValue:3, serverValue:1801}] to server localhost:27017
22:20:47.187 [Thread-9] DEBUG org.mongodb.driver.protocol.command - Execution of command with request id 54 completed successfully in 2.23 ms on connection [connectionId{localValue:3, serverValue:1801}] to server localhost:27017
22:20:47.190 [AsyncGetter-3-thread-1] DEBUG org.mongodb.driver.protocol.command - Sending command '{"find": "tareaPersonalizacion", "filter": {}, "batchSize": 64, "$db": "tenistas", "lsid": {"id": {"$binary": {"base64": "N5Yve4NDRC6QI73/tH5BRA==", "subType": "04"}}}}' with request id 55 to database tenistas on connection [connectionId{localValue:3, serverValue:1801}] to server localhost:27017
22:20:47.196 [Thread-9] DEBUG org.mongodb.driver.protocol.command - Execution of command with request id 55 completed successfully in 4.81 ms on connection [connectionId{localValue:3, serverValue:1801}] to server localhost:27017
22:20:47.201 [Thread-9] DEBUG org.mongodb.driver.operation - Received batch of 1 documents with cursorId 0 from server localhost:27017
22:20:47.205 [AsyncGetter-3-thread-1] DEBUG org.mongodb.driver.operation - retryWrites set to true but the server is a standalone server.
22:20:47.207 [AsyncGetter-3-thread-1] DEBUG org.mongodb.driver.protocol.command - Sending command '{"delete": "tareaPersonalizacion", "ordered": true, "$db": "tenistas", "lsid": {"id": {"$binary": {"base64": "N5Yve4NDRC6QI73/tH5BRA==", "subType": "04"}}}, "deletes": [{"q": {"_id": "63e01dabcc53d942a0b0e42e"}, "limit": 1}]}' with request id 56 to database tenistas on connection [connectionId{localValue:3, serverValue:1801}] to server localhost:27017
22:20:47.209 [Thread-10] DEBUG org.mongodb.driver.protocol.command - Execution of command with request id 56 completed successfully in 1.92 ms on connection [connectionId{localValue:3, serverValue:1801}] to server localhost:27017
22:20:47.212 [AsyncGetter-3-thread-1] DEBUG org.mongodb.driver.operation - retryWrites set to true but the server is a standalone server.
22:20:47.214 [AsyncGetter-3-thread-1] DEBUG org.mongodb.driver.protocol.command - Sending command '{"delete": "pedido", "ordered": true, "$db": "tenistas", "lsid": {"id": {"$binary": {"base64": "N5Yve4NDRC6QI73/tH5BRA==", "subType": "04"}}}, "deletes": [{"q": {"_id": "123"}, "limit": 1}]}' with request id 57 to database tenistas on connection [connectionId{localValue:3, serverValue:1801}] to server localhost:27017
22:20:47.215 [Thread-9] DEBUG org.mongodb.driver.protocol.command - Execution of command with request id 57 completed successfully in 2.10 ms on connection [connectionId{localValue:3, serverValue:1801}] to server localhost:27017
22:20:47.217 [AsyncGetter-3-thread-1] DEBUG org.mongodb.driver.operation - retryWrites set to true but the server is a standalone server.
22:20:47.218 [AsyncGetter-3-thread-1] DEBUG org.mongodb.driver.protocol.command - Sending command '{"delete": "user", "ordered": true, "$db": "tenistas", "lsid": {"id": {"$binary": {"base64": "N5Yve4NDRC6QI73/tH5BRA==", "subType": "04"}}}, "deletes": [{"q": {"_id": "32"}, "limit": 1}]}' with request id 58 to database tenistas on connection [connectionId{localValue:3, serverValue:1801}] to server localhost:27017
22:20:47.219 [Thread-10] DEBUG org.mongodb.driver.protocol.command - Execution of command with request id 58 completed successfully in 1.62 ms on connection [connectionId{localValue:3, serverValue:1801}] to server localhost:27017
22:20:47.223 [AsyncGetter-3-thread-1] DEBUG org.mongodb.driver.protocol.command - Sending command '{"drop": "user", "$db": "tenistas", "lsid": {"id": {"$binary": {"base64": "N5Yve4NDRC6QI73/tH5BRA==", "subType": "04"}}}}' with request id 59 to database tenistas on connection [connectionId{localValue:3, serverValue:1801}] to server localhost:27017
22:20:47.227 [Thread-9] DEBUG org.mongodb.driver.protocol.command - Execution of command with request id 59 completed successfully in 3.29 ms on connection [connectionId{localValue:3, serverValue:1801}] to server localhost:27017
22:20:47.230 [AsyncGetter-3-thread-1] DEBUG org.mongodb.driver.protocol.command - Sending command '{"find": "user", "filter": {}, "batchSize": 64, "$db": "tenistas", "lsid": {"id": {"$binary": {"base64": "N5Yve4NDRC6QI73/tH5BRA==", "subType": "04"}}}}' with request id 60 to database tenistas on connection [connectionId{localValue:3, serverValue:1801}] to server localhost:27017
22:20:47.231 [Thread-10] DEBUG org.mongodb.driver.protocol.command - Execution of command with request id 60 completed successfully in 1.37 ms on connection [connectionId{localValue:3, serverValue:1801}] to server localhost:27017
22:20:47.232 [Thread-10] DEBUG org.mongodb.driver.operation - Received batch of 0 documents with cursorId 0 from server localhost:27017
22:20:47.234 [AsyncGetter-3-thread-1] DEBUG org.mongodb.driver.operation - retryWrites set to true but the server is a standalone server.
22:20:47.235 [AsyncGetter-3-thread-1] DEBUG org.mongodb.driver.protocol.command - Sending command '{"update": "user", "ordered": true, "$db": "tenistas", "lsid": {"id": {"$binary": {"base64": "N5Yve4NDRC6QI73/tH5BRA==", "subType": "04"}}}, "updates": [{"q": {"_id": "32"}, "u": {"id": "37", "name": "dsgs", "username": "e23d", "email": "juan", "password": "974f3036f39834082e23f4d70f1feba9d4805b3ee2cedb50b6f1f49f72dd83616c2155f9ff6e08a1cefbf9e6ba2f4aaa45233c8c066a65e002924abfa51590c4", "tipoUser": "CLIENTE", "phone": "3453", "website": "http://www.gfgd"}, "upsert": true}]}' with request id 61 to database tenistas on connection [connectionId{localValue:3, serverValue:1801}] to server localhost:27017
22:20:47.247 [Thread-9] DEBUG org.mongodb.driver.protocol.command - Execution of command with request id 61 completed successfully in 13.10 ms on connection [connectionId{localValue:3, serverValue:1801}] to server localhost:27017
22:20:47.249 [AsyncGetter-3-thread-1] DEBUG org.mongodb.driver.protocol.command - Sending command '{"find": "user", "filter": {"_id": "32"}, "limit": 1, "singleBatch": true, "$db": "tenistas", "lsid": {"id": {"$binary": {"base64": "N5Yve4NDRC6QI73/tH5BRA==", "subType": "04"}}}}' with request id 62 to database tenistas on connection [connectionId{localValue:3, serverValue:1801}] to server localhost:27017
22:20:47.250 [Thread-10] DEBUG org.mongodb.driver.protocol.command - Execution of command with request id 62 completed successfully in 1.12 ms on connection [connectionId{localValue:3, serverValue:1801}] to server localhost:27017
22:20:47.251 [Thread-10] DEBUG org.mongodb.driver.operation - Received batch of 1 documents with cursorId 0 from server localhost:27017
22:20:47.252 [AsyncGetter-3-thread-1] DEBUG org.mongodb.driver.operation - retryWrites set to true but the server is a standalone server.
22:20:47.252 [AsyncGetter-3-thread-1] DEBUG org.mongodb.driver.protocol.command - Sending command '{"update": "turno", "ordered": true, "$db": "tenistas", "lsid": {"id": {"$binary": {"base64": "N5Yve4NDRC6QI73/tH5BRA==", "subType": "04"}}}, "updates": [{"q": {"_id": "123"}, "u": {"fechaInicio": {"$date": "2022-02-15T00:00:00Z"}, "fechaFinal": {"$date": "2024-12-16T00:00:00Z"}, "usuario_id": "32"}, "upsert": true}]}' with request id 63 to database tenistas on connection [connectionId{localValue:3, serverValue:1801}] to server localhost:27017
22:20:47.254 [Thread-9] DEBUG org.mongodb.driver.protocol.command - Execution of command with request id 63 completed successfully in 1.83 ms on connection [connectionId{localValue:3, serverValue:1801}] to server localhost:27017
22:20:47.255 [AsyncGetter-3-thread-1] DEBUG org.mongodb.driver.operation - retryWrites set to true but the server is a standalone server.
22:20:47.256 [AsyncGetter-3-thread-1] DEBUG org.mongodb.driver.protocol.command - Sending command '{"update": "turno", "ordered": true, "$db": "tenistas", "lsid": {"id": {"$binary": {"base64": "N5Yve4NDRC6QI73/tH5BRA==", "subType": "04"}}}, "updates": [{"q": {"_id": "123"}, "u": {"$set": {"fechaInicio": {"$date": "2022-02-15T00:00:00Z"}, "fechaFinal": {"$date": "2068-12-16T00:00:00Z"}, "usuario_id": "32"}}}]}' with request id 64 to database tenistas on connection [connectionId{localValue:3, serverValue:1801}] to server localhost:27017
22:20:47.257 [Thread-10] DEBUG org.mongodb.driver.protocol.command - Execution of command with request id 64 completed successfully in 1.42 ms on connection [connectionId{localValue:3, serverValue:1801}] to server localhost:27017
22:20:47.261 [AsyncGetter-3-thread-1] DEBUG org.mongodb.driver.protocol.command - Sending command '{"find": "turno", "filter": {}, "batchSize": 64, "$db": "tenistas", "lsid": {"id": {"$binary": {"base64": "N5Yve4NDRC6QI73/tH5BRA==", "subType": "04"}}}}' with request id 65 to database tenistas on connection [connectionId{localValue:3, serverValue:1801}] to server localhost:27017
22:20:47.263 [Thread-9] DEBUG org.mongodb.driver.protocol.command - Execution of command with request id 65 completed successfully in 2.26 ms on connection [connectionId{localValue:3, serverValue:1801}] to server localhost:27017
22:20:47.264 [Thread-9] DEBUG org.mongodb.driver.operation - Received batch of 1 documents with cursorId 0 from server localhost:27017
22:20:47.265 [AsyncGetter-3-thread-1] DEBUG org.mongodb.driver.operation - retryWrites set to true but the server is a standalone server.
22:20:47.267 [AsyncGetter-3-thread-1] DEBUG org.mongodb.driver.protocol.command - Sending command '{"delete": "turno", "ordered": true, "$db": "tenistas", "lsid": {"id": {"$binary": {"base64": "N5Yve4NDRC6QI73/tH5BRA==", "subType": "04"}}}, "deletes": [{"q": {"_id": "123"}, "limit": 1}]}' with request id 66 to database tenistas on connection [connectionId{localValue:3, serverValue:1801}] to server localhost:27017
22:20:47.268 [Thread-10] DEBUG org.mongodb.driver.protocol.command - Execution of command with request id 66 completed successfully in 1.34 ms on connection [connectionId{localValue:3, serverValue:1801}] to server localhost:27017
22:20:47.269 [AsyncGetter-3-thread-1] DEBUG org.mongodb.driver.operation - retryWrites set to true but the server is a standalone server.
22:20:47.269 [AsyncGetter-3-thread-1] DEBUG org.mongodb.driver.protocol.command - Sending command '{"delete": "user", "ordered": true, "$db": "tenistas", "lsid": {"id": {"$binary": {"base64": "N5Yve4NDRC6QI73/tH5BRA==", "subType": "04"}}}, "deletes": [{"q": {"_id": "32"}, "limit": 1}]}' with request id 67 to database tenistas on connection [connectionId{localValue:3, serverValue:1801}] to server localhost:27017
22:20:47.270 [Thread-9] DEBUG org.mongodb.driver.protocol.command - Execution of command with request id 67 completed successfully in 1.23 ms on connection [connectionId{localValue:3, serverValue:1801}] to server localhost:27017
22:20:47.273 [AsyncGetter-3-thread-1] DEBUG org.mongodb.driver.protocol.command - Sending command '{"drop": "user", "$db": "tenistas", "lsid": {"id": {"$binary": {"base64": "N5Yve4NDRC6QI73/tH5BRA==", "subType": "04"}}}}' with request id 68 to database tenistas on connection [connectionId{localValue:3, serverValue:1801}] to server localhost:27017
22:20:47.277 [Thread-10] DEBUG org.mongodb.driver.protocol.command - Execution of command with request id 68 completed successfully in 3.32 ms on connection [connectionId{localValue:3, serverValue:1801}] to server localhost:27017
22:20:47.279 [AsyncGetter-3-thread-1] DEBUG org.mongodb.driver.protocol.command - Sending command '{"find": "user", "filter": {}, "batchSize": 64, "$db": "tenistas", "lsid": {"id": {"$binary": {"base64": "N5Yve4NDRC6QI73/tH5BRA==", "subType": "04"}}}}' with request id 69 to database tenistas on connection [connectionId{localValue:3, serverValue:1801}] to server localhost:27017
22:20:47.280 [Thread-9] DEBUG org.mongodb.driver.protocol.command - Execution of command with request id 69 completed successfully in 1.15 ms on connection [connectionId{localValue:3, serverValue:1801}] to server localhost:27017
22:20:47.280 [Thread-9] DEBUG org.mongodb.driver.operation - Received batch of 0 documents with cursorId 0 from server localhost:27017
22:20:47.281 [AsyncGetter-3-thread-1] DEBUG org.mongodb.driver.operation - retryWrites set to true but the server is a standalone server.
22:20:47.281 [AsyncGetter-3-thread-1] DEBUG org.mongodb.driver.protocol.command - Sending command '{"update": "user", "ordered": true, "$db": "tenistas", "lsid": {"id": {"$binary": {"base64": "N5Yve4NDRC6QI73/tH5BRA==", "subType": "04"}}}, "updates": [{"q": {"_id": "32"}, "u": {"id": "37", "name": "dsgs", "username": "e23d", "email": "juan", "password": "974f3036f39834082e23f4d70f1feba9d4805b3ee2cedb50b6f1f49f72dd83616c2155f9ff6e08a1cefbf9e6ba2f4aaa45233c8c066a65e002924abfa51590c4", "tipoUser": "CLIENTE", "phone": "3453", "website": "http://www.gfgd"}, "upsert": true}]}' with request id 70 to database tenistas on connection [connectionId{localValue:3, serverValue:1801}] to server localhost:27017
22:20:47.290 [Thread-10] DEBUG org.mongodb.driver.protocol.command - Execution of command with request id 70 completed successfully in 9.00 ms on connection [connectionId{localValue:3, serverValue:1801}] to server localhost:27017
22:20:47.293 [AsyncGetter-3-thread-1] DEBUG org.mongodb.driver.protocol.command - Sending command '{"find": "user", "filter": {"_id": "32"}, "limit": 1, "singleBatch": true, "$db": "tenistas", "lsid": {"id": {"$binary": {"base64": "N5Yve4NDRC6QI73/tH5BRA==", "subType": "04"}}}}' with request id 71 to database tenistas on connection [connectionId{localValue:3, serverValue:1801}] to server localhost:27017
22:20:47.295 [Thread-9] DEBUG org.mongodb.driver.protocol.command - Execution of command with request id 71 completed successfully in 2.00 ms on connection [connectionId{localValue:3, serverValue:1801}] to server localhost:27017
22:20:47.296 [Thread-9] DEBUG org.mongodb.driver.operation - Received batch of 1 documents with cursorId 0 from server localhost:27017
22:20:47.297 [AsyncGetter-3-thread-1] DEBUG org.mongodb.driver.operation - retryWrites set to true but the server is a standalone server.
22:20:47.298 [AsyncGetter-3-thread-1] DEBUG org.mongodb.driver.protocol.command - Sending command '{"update": "turno", "ordered": true, "$db": "tenistas", "lsid": {"id": {"$binary": {"base64": "N5Yve4NDRC6QI73/tH5BRA==", "subType": "04"}}}, "updates": [{"q": {"_id": "123"}, "u": {"fechaInicio": {"$date": "2022-02-15T00:00:00Z"}, "fechaFinal": {"$date": "2024-12-16T00:00:00Z"}, "usuario_id": "32"}, "upsert": true}]}' with request id 72 to database tenistas on connection [connectionId{localValue:3, serverValue:1801}] to server localhost:27017
22:20:47.299 [Thread-10] DEBUG org.mongodb.driver.protocol.command - Execution of command with request id 72 completed successfully in 1.53 ms on connection [connectionId{localValue:3, serverValue:1801}] to server localhost:27017
22:20:47.300 [AsyncGetter-3-thread-1] DEBUG org.mongodb.driver.protocol.command - Sending command '{"find": "turno", "filter": {}, "batchSize": 64, "$db": "tenistas", "lsid": {"id": {"$binary": {"base64": "N5Yve4NDRC6QI73/tH5BRA==", "subType": "04"}}}}' with request id 73 to database tenistas on connection [connectionId{localValue:3, serverValue:1801}] to server localhost:27017
22:20:47.302 [Thread-9] DEBUG org.mongodb.driver.protocol.command - Execution of command with request id 73 completed successfully in 1.20 ms on connection [connectionId{localValue:3, serverValue:1801}] to server localhost:27017
22:20:47.302 [Thread-9] DEBUG org.mongodb.driver.operation - Received batch of 1 documents with cursorId 0 from server localhost:27017
22:20:47.304 [AsyncGetter-3-thread-1] DEBUG org.mongodb.driver.operation - retryWrites set to true but the server is a standalone server.
22:20:47.305 [AsyncGetter-3-thread-1] DEBUG org.mongodb.driver.protocol.command - Sending command '{"delete": "turno", "ordered": true, "$db": "tenistas", "lsid": {"id": {"$binary": {"base64": "N5Yve4NDRC6QI73/tH5BRA==", "subType": "04"}}}, "deletes": [{"q": {"_id": "123"}, "limit": 1}]}' with request id 74 to database tenistas on connection [connectionId{localValue:3, serverValue:1801}] to server localhost:27017
22:20:47.307 [Thread-10] DEBUG org.mongodb.driver.protocol.command - Execution of command with request id 74 completed successfully in 1.28 ms on connection [connectionId{localValue:3, serverValue:1801}] to server localhost:27017
22:20:47.308 [AsyncGetter-3-thread-1] DEBUG org.mongodb.driver.operation - retryWrites set to true but the server is a standalone server.
22:20:47.311 [AsyncGetter-3-thread-1] DEBUG org.mongodb.driver.protocol.command - Sending command '{"delete": "user", "ordered": true, "$db": "tenistas", "lsid": {"id": {"$binary": {"base64": "N5Yve4NDRC6QI73/tH5BRA==", "subType": "04"}}}, "deletes": [{"q": {"_id": "32"}, "limit": 1}]}' with request id 75 to database tenistas on connection [connectionId{localValue:3, serverValue:1801}] to server localhost:27017
22:20:47.312 [Thread-9] DEBUG org.mongodb.driver.protocol.command - Execution of command with request id 75 completed successfully in 1.81 ms on connection [connectionId{localValue:3, serverValue:1801}] to server localhost:27017
22:20:47.317 [AsyncGetter-3-thread-1] DEBUG org.mongodb.driver.protocol.command - Sending command '{"drop": "user", "$db": "tenistas", "lsid": {"id": {"$binary": {"base64": "N5Yve4NDRC6QI73/tH5BRA==", "subType": "04"}}}}' with request id 76 to database tenistas on connection [connectionId{localValue:3, serverValue:1801}] to server localhost:27017
22:20:47.319 [Thread-10] DEBUG org.mongodb.driver.protocol.command - Execution of command with request id 76 completed successfully in 1.58 ms on connection [connectionId{localValue:3, serverValue:1801}] to server localhost:27017
22:20:47.320 [AsyncGetter-3-thread-1] DEBUG org.mongodb.driver.protocol.command - Sending command '{"find": "user", "filter": {}, "batchSize": 64, "$db": "tenistas", "lsid": {"id": {"$binary": {"base64": "N5Yve4NDRC6QI73/tH5BRA==", "subType": "04"}}}}' with request id 77 to database tenistas on connection [connectionId{localValue:3, serverValue:1801}] to server localhost:27017
22:20:47.321 [Thread-9] DEBUG org.mongodb.driver.protocol.command - Execution of command with request id 77 completed successfully in 0.74 ms on connection [connectionId{localValue:3, serverValue:1801}] to server localhost:27017
22:20:47.321 [Thread-9] DEBUG org.mongodb.driver.operation - Received batch of 0 documents with cursorId 0 from server localhost:27017
22:20:47.322 [AsyncGetter-3-thread-1] DEBUG org.mongodb.driver.operation - retryWrites set to true but the server is a standalone server.
22:20:47.322 [AsyncGetter-3-thread-1] DEBUG org.mongodb.driver.protocol.command - Sending command '{"update": "user", "ordered": true, "$db": "tenistas", "lsid": {"id": {"$binary": {"base64": "N5Yve4NDRC6QI73/tH5BRA==", "subType": "04"}}}, "updates": [{"q": {"_id": "32"}, "u": {"id": "37", "name": "dsgs", "username": "e23d", "email": "juan", "password": "974f3036f39834082e23f4d70f1feba9d4805b3ee2cedb50b6f1f49f72dd83616c2155f9ff6e08a1cefbf9e6ba2f4aaa45233c8c066a65e002924abfa51590c4", "tipoUser": "CLIENTE", "phone": "3453", "website": "http://www.gfgd"}, "upsert": true}]}' with request id 78 to database tenistas on connection [connectionId{localValue:3, serverValue:1801}] to server localhost:27017
22:20:47.335 [Thread-10] DEBUG org.mongodb.driver.protocol.command - Execution of command with request id 78 completed successfully in 12.74 ms on connection [connectionId{localValue:3, serverValue:1801}] to server localhost:27017
22:20:47.338 [AsyncGetter-3-thread-1] DEBUG org.mongodb.driver.operation - retryWrites set to true but the server is a standalone server.
22:20:47.339 [AsyncGetter-3-thread-1] DEBUG org.mongodb.driver.protocol.command - Sending command '{"update": "user", "ordered": true, "$db": "tenistas", "lsid": {"id": {"$binary": {"base64": "N5Yve4NDRC6QI73/tH5BRA==", "subType": "04"}}}, "updates": [{"q": {"_id": "32"}, "u": {"$set": {"id": "37", "name": "dsgs", "username": "e23d", "email": "dani@gmail.com", "password": "974f3036f39834082e23f4d70f1feba9d4805b3ee2cedb50b6f1f49f72dd83616c2155f9ff6e08a1cefbf9e6ba2f4aaa45233c8c066a65e002924abfa51590c4", "tipoUser": "CLIENTE", "phone": "3453", "website": "http://www.gfgd"}}}]}' with request id 79 to database tenistas on connection [connectionId{localValue:3, serverValue:1801}] to server localhost:27017
22:20:47.340 [Thread-9] DEBUG org.mongodb.driver.protocol.command - Execution of command with request id 79 completed successfully in 1.38 ms on connection [connectionId{localValue:3, serverValue:1801}] to server localhost:27017
22:20:47.348 [AsyncGetter-3-thread-1] DEBUG org.mongodb.driver.operation - retryWrites set to true but the server is a standalone server.
22:20:47.348 [AsyncGetter-3-thread-1] DEBUG org.mongodb.driver.protocol.command - Sending command '{"delete": "user", "ordered": true, "$db": "tenistas", "lsid": {"id": {"$binary": {"base64": "N5Yve4NDRC6QI73/tH5BRA==", "subType": "04"}}}, "deletes": [{"q": {"_id": "32"}, "limit": 1}]}' with request id 80 to database tenistas on connection [connectionId{localValue:3, serverValue:1801}] to server localhost:27017
22:20:47.350 [Thread-10] DEBUG org.mongodb.driver.protocol.command - Execution of command with request id 80 completed successfully in 1.32 ms on connection [connectionId{localValue:3, serverValue:1801}] to server localhost:27017
22:20:47.353 [AsyncGetter-3-thread-1] DEBUG org.mongodb.driver.protocol.command - Sending command '{"drop": "user", "$db": "tenistas", "lsid": {"id": {"$binary": {"base64": "N5Yve4NDRC6QI73/tH5BRA==", "subType": "04"}}}}' with request id 81 to database tenistas on connection [connectionId{localValue:3, serverValue:1801}] to server localhost:27017
22:20:47.355 [Thread-9] DEBUG org.mongodb.driver.protocol.command - Execution of command with request id 81 completed successfully in 1.39 ms on connection [connectionId{localValue:3, serverValue:1801}] to server localhost:27017
22:20:47.356 [AsyncGetter-3-thread-1] DEBUG org.mongodb.driver.protocol.command - Sending command '{"find": "user", "filter": {}, "batchSize": 64, "$db": "tenistas", "lsid": {"id": {"$binary": {"base64": "N5Yve4NDRC6QI73/tH5BRA==", "subType": "04"}}}}' with request id 82 to database tenistas on connection [connectionId{localValue:3, serverValue:1801}] to server localhost:27017
22:20:47.356 [Thread-10] DEBUG org.mongodb.driver.protocol.command - Execution of command with request id 82 completed successfully in 0.83 ms on connection [connectionId{localValue:3, serverValue:1801}] to server localhost:27017
22:20:47.357 [Thread-10] DEBUG org.mongodb.driver.operation - Received batch of 0 documents with cursorId 0 from server localhost:27017
22:20:47.358 [AsyncGetter-3-thread-1] DEBUG org.mongodb.driver.operation - retryWrites set to true but the server is a standalone server.
22:20:47.360 [AsyncGetter-3-thread-1] DEBUG org.mongodb.driver.protocol.command - Sending command '{"update": "user", "ordered": true, "$db": "tenistas", "lsid": {"id": {"$binary": {"base64": "N5Yve4NDRC6QI73/tH5BRA==", "subType": "04"}}}, "updates": [{"q": {"_id": "32"}, "u": {"id": "37", "name": "dsgs", "username": "e23d", "email": "juan", "password": "974f3036f39834082e23f4d70f1feba9d4805b3ee2cedb50b6f1f49f72dd83616c2155f9ff6e08a1cefbf9e6ba2f4aaa45233c8c066a65e002924abfa51590c4", "tipoUser": "CLIENTE", "phone": "3453", "website": "http://www.gfgd"}, "upsert": true}]}' with request id 83 to database tenistas on connection [connectionId{localValue:3, serverValue:1801}] to server localhost:27017
22:20:47.371 [Thread-9] DEBUG org.mongodb.driver.protocol.command - Execution of command with request id 83 completed successfully in 12.41 ms on connection [connectionId{localValue:3, serverValue:1801}] to server localhost:27017
22:20:47.372 [AsyncGetter-3-thread-1] DEBUG org.mongodb.driver.protocol.command - Sending command '{"find": "user", "filter": {"_id": "32"}, "limit": 1, "singleBatch": true, "$db": "tenistas", "lsid": {"id": {"$binary": {"base64": "N5Yve4NDRC6QI73/tH5BRA==", "subType": "04"}}}}' with request id 84 to database tenistas on connection [connectionId{localValue:3, serverValue:1801}] to server localhost:27017
22:20:47.373 [Thread-10] DEBUG org.mongodb.driver.protocol.command - Execution of command with request id 84 completed successfully in 0.94 ms on connection [connectionId{localValue:3, serverValue:1801}] to server localhost:27017
22:20:47.373 [Thread-10] DEBUG org.mongodb.driver.operation - Received batch of 1 documents with cursorId 0 from server localhost:27017
22:20:47.374 [AsyncGetter-3-thread-1] DEBUG org.mongodb.driver.operation - retryWrites set to true but the server is a standalone server.
22:20:47.377 [AsyncGetter-3-thread-1] DEBUG org.mongodb.driver.protocol.command - Sending command '{"update": "pedido", "ordered": true, "$db": "tenistas", "lsid": {"id": {"$binary": {"base64": "N5Yve4NDRC6QI73/tH5BRA==", "subType": "04"}}}, "updates": [{"q": {"_id": "123456789"}, "u": {"estado": "EN_PROCESO", "fechaEntrada": {"$date": "2022-12-27T00:00:00Z"}, "fechaSalidaProgramada": {"$date": "2022-12-27T00:00:00Z"}, "fechaEntrega": {"$date": "2022-12-27T00:00:00Z"}, "precio": 222.2, "usuario_id": "32"}, "upsert": true}]}' with request id 85 to database tenistas on connection [connectionId{localValue:3, serverValue:1801}] to server localhost:27017
22:20:47.378 [Thread-9] DEBUG org.mongodb.driver.protocol.command - Execution of command with request id 85 completed successfully in 1.49 ms on connection [connectionId{localValue:3, serverValue:1801}] to server localhost:27017
22:20:47.380 [AsyncGetter-3-thread-1] DEBUG org.mongodb.driver.protocol.command - Sending command '{"find": "pedido", "filter": {}, "batchSize": 64, "$db": "tenistas", "lsid": {"id": {"$binary": {"base64": "N5Yve4NDRC6QI73/tH5BRA==", "subType": "04"}}}}' with request id 86 to database tenistas on connection [connectionId{localValue:3, serverValue:1801}] to server localhost:27017
22:20:47.381 [Thread-10] DEBUG org.mongodb.driver.protocol.command - Execution of command with request id 86 completed successfully in 1.18 ms on connection [connectionId{localValue:3, serverValue:1801}] to server localhost:27017
22:20:47.382 [Thread-10] DEBUG org.mongodb.driver.operation - Received batch of 1 documents with cursorId 0 from server localhost:27017
22:20:47.383 [AsyncGetter-3-thread-1] DEBUG org.mongodb.driver.operation - retryWrites set to true but the server is a standalone server.
22:20:47.384 [AsyncGetter-3-thread-1] DEBUG org.mongodb.driver.protocol.command - Sending command '{"delete": "pedido", "ordered": true, "$db": "tenistas", "lsid": {"id": {"$binary": {"base64": "N5Yve4NDRC6QI73/tH5BRA==", "subType": "04"}}}, "deletes": [{"q": {"_id": "123456789"}, "limit": 1}]}' with request id 87 to database tenistas on connection [connectionId{localValue:3, serverValue:1801}] to server localhost:27017
22:20:47.385 [Thread-9] DEBUG org.mongodb.driver.protocol.command - Execution of command with request id 87 completed successfully in 1.18 ms on connection [connectionId{localValue:3, serverValue:1801}] to server localhost:27017
22:20:47.385 [AsyncGetter-3-thread-1] DEBUG org.mongodb.driver.operation - retryWrites set to true but the server is a standalone server.
22:20:47.386 [AsyncGetter-3-thread-1] DEBUG org.mongodb.driver.protocol.command - Sending command '{"delete": "user", "ordered": true, "$db": "tenistas", "lsid": {"id": {"$binary": {"base64": "N5Yve4NDRC6QI73/tH5BRA==", "subType": "04"}}}, "deletes": [{"q": {"_id": "32"}, "limit": 1}]}' with request id 88 to database tenistas on connection [connectionId{localValue:3, serverValue:1801}] to server localhost:27017
22:20:47.386 [Thread-10] DEBUG org.mongodb.driver.protocol.command - Execution of command with request id 88 completed successfully in 1.14 ms on connection [connectionId{localValue:3, serverValue:1801}] to server localhost:27017
22:20:47.391 [AsyncGetter-3-thread-1] DEBUG org.mongodb.driver.protocol.command - Sending command '{"drop": "user", "$db": "tenistas", "lsid": {"id": {"$binary": {"base64": "N5Yve4NDRC6QI73/tH5BRA==", "subType": "04"}}}}' with request id 89 to database tenistas on connection [connectionId{localValue:3, serverValue:1801}] to server localhost:27017
22:20:47.396 [Thread-9] DEBUG org.mongodb.driver.protocol.command - Execution of command with request id 89 completed successfully in 4.74 ms on connection [connectionId{localValue:3, serverValue:1801}] to server localhost:27017
22:20:47.397 [AsyncGetter-3-thread-1] DEBUG org.mongodb.driver.protocol.command - Sending command '{"drop": "pedido", "$db": "tenistas", "lsid": {"id": {"$binary": {"base64": "N5Yve4NDRC6QI73/tH5BRA==", "subType": "04"}}}}' with request id 90 to database tenistas on connection [connectionId{localValue:3, serverValue:1801}] to server localhost:27017
22:20:47.399 [Thread-10] DEBUG org.mongodb.driver.protocol.command - Execution of command with request id 90 completed successfully in 1.73 ms on connection [connectionId{localValue:3, serverValue:1801}] to server localhost:27017
22:20:47.400 [AsyncGetter-3-thread-1] DEBUG org.mongodb.driver.protocol.command - Sending command '{"drop": "producto", "$db": "tenistas", "lsid": {"id": {"$binary": {"base64": "N5Yve4NDRC6QI73/tH5BRA==", "subType": "04"}}}}' with request id 91 to database tenistas on connection [connectionId{localValue:3, serverValue:1801}] to server localhost:27017
22:20:47.402 [Thread-9] DEBUG org.mongodb.driver.protocol.command - Execution of command with request id 91 completed successfully in 1.54 ms on connection [connectionId{localValue:3, serverValue:1801}] to server localhost:27017
22:20:47.403 [AsyncGetter-3-thread-1] DEBUG org.mongodb.driver.protocol.command - Sending command '{"find": "user", "filter": {}, "batchSize": 64, "$db": "tenistas", "lsid": {"id": {"$binary": {"base64": "N5Yve4NDRC6QI73/tH5BRA==", "subType": "04"}}}}' with request id 92 to database tenistas on connection [connectionId{localValue:3, serverValue:1801}] to server localhost:27017
22:20:47.405 [Thread-10] DEBUG org.mongodb.driver.protocol.command - Execution of command with request id 92 completed successfully in 1.56 ms on connection [connectionId{localValue:3, serverValue:1801}] to server localhost:27017
22:20:47.405 [Thread-10] DEBUG org.mongodb.driver.operation - Received batch of 0 documents with cursorId 0 from server localhost:27017
22:20:47.406 [AsyncGetter-3-thread-1] DEBUG org.mongodb.driver.operation - retryWrites set to true but the server is a standalone server.
22:20:47.406 [AsyncGetter-3-thread-1] DEBUG org.mongodb.driver.protocol.command - Sending command '{"update": "user", "ordered": true, "$db": "tenistas", "lsid": {"id": {"$binary": {"base64": "N5Yve4NDRC6QI73/tH5BRA==", "subType": "04"}}}, "updates": [{"q": {"_id": "32"}, "u": {"id": "37", "name": "dsgs", "username": "e23d", "email": "juan", "password": "974f3036f39834082e23f4d70f1feba9d4805b3ee2cedb50b6f1f49f72dd83616c2155f9ff6e08a1cefbf9e6ba2f4aaa45233c8c066a65e002924abfa51590c4", "tipoUser": "CLIENTE", "phone": "3453", "website": "http://www.gfgd"}, "upsert": true}]}' with request id 93 to database tenistas on connection [connectionId{localValue:3, serverValue:1801}] to server localhost:27017
22:20:47.419 [Thread-9] DEBUG org.mongodb.driver.protocol.command - Execution of command with request id 93 completed successfully in 12.96 ms on connection [connectionId{localValue:3, serverValue:1801}] to server localhost:27017
22:20:47.421 [AsyncGetter-3-thread-1] DEBUG org.mongodb.driver.protocol.command - Sending command '{"find": "user", "filter": {"_id": "32"}, "limit": 1, "singleBatch": true, "$db": "tenistas", "lsid": {"id": {"$binary": {"base64": "N5Yve4NDRC6QI73/tH5BRA==", "subType": "04"}}}}' with request id 94 to database tenistas on connection [connectionId{localValue:3, serverValue:1801}] to server localhost:27017
[...]
22:20:49.356 [AsyncGetter-3-thread-1] DEBUG org.mongodb.driver.protocol.command - Sending command '{"update": "user", "ordered": true, "$db": "tenistas", "lsid": {"id": {"$binary": {"base64": "N5Yve4NDRC6QI73/tH5BRA==", "subType": "04"}}}, "updates": [{"q": {"_id": "32"}, "u": {"id": "37", "name": "dsgs", "username": "e23d", "email": "juan", "password": "974f3036f39834082e23f4d70f1feba9d4805b3ee2cedb50b6f1f49f72dd83616c2155f9ff6e08a1cefbf9e6ba2f4aaa45233c8c066a65e002924abfa51590c4", "tipoUser": "CLIENTE", "phone": "3453", "website": "http://www.gfgd"}, "upsert": true}]}' with request id 282 to database tenistas on connection [connectionId{localValue:3, serverValue:1801}] to server localhost:27017
22:20:49.367 [Thread-10] DEBUG org.mongodb.driver.protocol.command - Execution of command with request id 282 completed successfully in 12.14 ms on connection [connectionId{localValue:3, serverValue:1801}] to server localhost:27017
22:20:49.368 [AsyncGetter-3-thread-1] DEBUG org.mongodb.driver.protocol.command - Sending command '{"find": "user", "filter": {"_id": "32"}, "limit": 1, "singleBatch": true, "$db": "tenistas", "lsid": {"id": {"$binary": {"base64": "N5Yve4NDRC6QI73/tH5BRA==", "subType": "04"}}}}' with request id 283 to database tenistas on connection [connectionId{localValue:3, serverValue:1801}] to server localhost:27017
22:20:49.369 [Thread-9] DEBUG org.mongodb.driver.protocol.command - Execution of command with request id 283 completed successfully in 0.72 ms on connection [connectionId{localValue:3, serverValue:1801}] to server localhost:27017
22:20:49.369 [Thread-9] DEBUG org.mongodb.driver.operation - Received batch of 1 documents with cursorId 0 from server localhost:27017
22:20:49.370 [AsyncGetter-3-thread-1] DEBUG org.mongodb.driver.operation - retryWrites set to true but the server is a standalone server.
22:20:49.370 [AsyncGetter-3-thread-1] DEBUG org.mongodb.driver.protocol.command - Sending command '{"update": "pedido", "ordered": true, "$db": "tenistas", "lsid": {"id": {"$binary": {"base64": "N5Yve4NDRC6QI73/tH5BRA==", "subType": "04"}}}, "updates": [{"q": {"_id": "123456789"}, "u": {"estado": "EN_PROCESO", "fechaEntrada": {"$date": "2022-12-27T00:00:00Z"}, "fechaSalidaProgramada": {"$date": "2022-12-27T00:00:00Z"}, "fechaEntrega": {"$date": "2022-12-27T00:00:00Z"}, "precio": 222.2, "usuario_id": "32"}, "upsert": true}]}' with request id 284 to database tenistas on connection [connectionId{localValue:3, serverValue:1801}] to server localhost:27017
22:20:49.382 [Thread-10] DEBUG org.mongodb.driver.protocol.command - Execution of command with request id 284 completed successfully in 11.74 ms on connection [connectionId{localValue:3, serverValue:1801}] to server localhost:27017
22:20:49.383 [AsyncGetter-3-thread-1] DEBUG org.mongodb.driver.protocol.command - Sending command '{"find": "pedido", "filter": {"_id": "123456789"}, "limit": 1, "singleBatch": true, "$db": "tenistas", "lsid": {"id": {"$binary": {"base64": "N5Yve4NDRC6QI73/tH5BRA==", "subType": "04"}}}}' with request id 285 to database tenistas on connection [connectionId{localValue:3, serverValue:1801}] to server localhost:27017
22:20:49.384 [Thread-9] DEBUG org.mongodb.driver.protocol.command - Execution of command with request id 285 completed successfully in 0.78 ms on connection [connectionId{localValue:3, serverValue:1801}] to server localhost:27017
22:20:49.384 [Thread-9] DEBUG org.mongodb.driver.operation - Received batch of 1 documents with cursorId 0 from server localhost:27017
22:20:49.683 [Test worker @background work runner#387] DEBUG repositories.ktorfit.KtorfitRepository - create(TareaDto(userId=32, id=63e01dabcc53d942a0b0e42e, title=Tarea Personalizacio, completed=EN_PROCESO)) - OK
22:20:49.684 [AsyncGetter-3-thread-1] DEBUG org.mongodb.driver.protocol.command - Sending command '{"find": "pedido", "filter": {"_id": "123456789"}, "limit": 1, "singleBatch": true, "$db": "tenistas", "lsid": {"id": {"$binary": {"base64": "N5Yve4NDRC6QI73/tH5BRA==", "subType": "04"}}}}' with request id 286 to database tenistas on connection [connectionId{localValue:3, serverValue:1801}] to server localhost:27017
22:20:49.685 [Thread-10] DEBUG org.mongodb.driver.protocol.command - Execution of command with request id 286 completed successfully in 0.88 ms on connection [connectionId{localValue:3, serverValue:1801}] to server localhost:27017
22:20:49.685 [Thread-10] DEBUG org.mongodb.driver.operation - Received batch of 1 documents with cursorId 0 from server localhost:27017
22:20:49.686 [AsyncGetter-3-thread-1] DEBUG org.mongodb.driver.operation - retryWrites set to true but the server is a standalone server.
22:20:49.686 [AsyncGetter-3-thread-1] DEBUG org.mongodb.driver.protocol.command - Sending command '{"update": "tareaPersonalizacion", "ordered": true, "$db": "tenistas", "lsid": {"id": {"$binary": {"base64": "N5Yve4NDRC6QI73/tH5BRA==", "subType": "04"}}}, "updates": [{"q": {"_id": "63e01dabcc53d942a0b0e42e"}, "u": {"rigidez": 8.0, "peso": 1.2, "balance": 1.1, "precio": 222.2, "pedido_id": "123456789"}, "upsert": true}]}' with request id 287 to database tenistas on connection [connectionId{localValue:3, serverValue:1801}] to server localhost:27017
22:20:49.702 [Thread-9] DEBUG org.mongodb.driver.protocol.command - Execution of command with request id 287 completed successfully in 15.29 ms on connection [connectionId{localValue:3, serverValue:1801}] to server localhost:27017
22:20:49.704 [AsyncGetter-3-thread-1] DEBUG org.mongodb.driver.protocol.command - Sending command '{"find": "tareaPersonalizacion", "filter": {}, "batchSize": 64, "$db": "tenistas", "lsid": {"id": {"$binary": {"base64": "N5Yve4NDRC6QI73/tH5BRA==", "subType": "04"}}}}' with request id 288 to database tenistas on connection [connectionId{localValue:3, serverValue:1801}] to server localhost:27017
22:20:49.704 [Thread-10] DEBUG org.mongodb.driver.protocol.command - Execution of command with request id 288 completed successfully in 1.01 ms on connection [connectionId{localValue:3, serverValue:1801}] to server localhost:27017
22:20:49.705 [Thread-10] DEBUG org.mongodb.driver.operation - Received batch of 1 documents with cursorId 0 from server localhost:27017
22:20:49.706 [AsyncGetter-3-thread-1] DEBUG org.mongodb.driver.operation - retryWrites set to true but the server is a standalone server.
22:20:49.706 [AsyncGetter-3-thread-1] DEBUG org.mongodb.driver.protocol.command - Sending command '{"delete": "tareaPersonalizacion", "ordered": true, "$db": "tenistas", "lsid": {"id": {"$binary": {"base64": "N5Yve4NDRC6QI73/tH5BRA==", "subType": "04"}}}, "deletes": [{"q": {"_id": "63e01dabcc53d942a0b0e42e"}, "limit": 1}]}' with request id 289 to database tenistas on connection [connectionId{localValue:3, serverValue:1801}] to server localhost:27017
22:20:49.707 [Thread-9] DEBUG org.mongodb.driver.protocol.command - Execution of command with request id 289 completed successfully in 1.28 ms on connection [connectionId{localValue:3, serverValue:1801}] to server localhost:27017
22:20:49.708 [AsyncGetter-3-thread-1] DEBUG org.mongodb.driver.operation - retryWrites set to true but the server is a standalone server.
22:20:49.709 [AsyncGetter-3-thread-1] DEBUG org.mongodb.driver.protocol.command - Sending command '{"delete": "pedido", "ordered": true, "$db": "tenistas", "lsid": {"id": {"$binary": {"base64": "N5Yve4NDRC6QI73/tH5BRA==", "subType": "04"}}}, "deletes": [{"q": {"_id": "123456789"}, "limit": 1}]}' with request id 290 to database tenistas on connection [connectionId{localValue:3, serverValue:1801}] to server localhost:27017
22:20:49.711 [Thread-10] DEBUG org.mongodb.driver.protocol.command - Execution of command with request id 290 completed successfully in 1.62 ms on connection [connectionId{localValue:3, serverValue:1801}] to server localhost:27017
22:20:49.712 [AsyncGetter-3-thread-1] DEBUG org.mongodb.driver.operation - retryWrites set to true but the server is a standalone server.
22:20:49.713 [AsyncGetter-3-thread-1] DEBUG org.mongodb.driver.protocol.command - Sending command '{"delete": "user", "ordered": true, "$db": "tenistas", "lsid": {"id": {"$binary": {"base64": "N5Yve4NDRC6QI73/tH5BRA==", "subType": "04"}}}, "deletes": [{"q": {"_id": "32"}, "limit": 1}]}' with request id 291 to database tenistas on connection [connectionId{localValue:3, serverValue:1801}] to server localhost:27017
22:20:49.714 [Thread-9] DEBUG org.mongodb.driver.protocol.command - Execution of command with request id 291 completed successfully in 1.22 ms on connection [connectionId{localValue:3, serverValue:1801}] to server localhost:27017
22:20:49.719 [AsyncGetter-3-thread-1] DEBUG org.mongodb.driver.protocol.command - Sending command '{"drop": "user", "$db": "tenistas", "lsid": {"id": {"$binary": {"base64": "N5Yve4NDRC6QI73/tH5BRA==", "subType": "04"}}}}' with request id 292 to database tenistas on connection [connectionId{localValue:3, serverValue:1801}] to server localhost:27017
22:20:49.721 [Thread-10] DEBUG org.mongodb.driver.protocol.command - Execution of command with request id 292 completed successfully in 1.82 ms on connection [connectionId{localValue:3, serverValue:1801}] to server localhost:27017
22:20:49.722 [AsyncGetter-3-thread-1] DEBUG org.mongodb.driver.protocol.command - Sending command '{"drop": "turno", "$db": "tenistas", "lsid": {"id": {"$binary": {"base64": "N5Yve4NDRC6QI73/tH5BRA==", "subType": "04"}}}}' with request id 293 to database tenistas on connection [connectionId{localValue:3, serverValue:1801}] to server localhost:27017
22:20:49.724 [Thread-9] DEBUG org.mongodb.driver.protocol.command - Execution of command with request id 293 completed successfully in 1.42 ms on connection [connectionId{localValue:3, serverValue:1801}] to server localhost:27017
22:20:49.725 [AsyncGetter-3-thread-1] DEBUG org.mongodb.driver.protocol.command - Sending command '{"drop": "maquinaEncordar", "$db": "tenistas", "lsid": {"id": {"$binary": {"base64": "N5Yve4NDRC6QI73/tH5BRA==", "subType": "04"}}}}' with request id 294 to database tenistas on connection [connectionId{localValue:3, serverValue:1801}] to server localhost:27017
22:20:49.729 [Thread-10] DEBUG org.mongodb.driver.protocol.command - Execution of command with request id 294 completed successfully in 3.62 ms on connection [connectionId{localValue:3, serverValue:1801}] to server localhost:27017
22:20:49.731 [AsyncGetter-3-thread-1] DEBUG org.mongodb.driver.protocol.command - Sending command '{"find": "user", "filter": {}, "batchSize": 64, "$db": "tenistas", "lsid": {"id": {"$binary": {"base64": "N5Yve4NDRC6QI73/tH5BRA==", "subType": "04"}}}}' with request id 295 to database tenistas on connection [connectionId{localValue:3, serverValue:1801}] to server localhost:27017
22:20:49.732 [Thread-9] DEBUG org.mongodb.driver.protocol.command - Execution of command with request id 295 completed successfully in 1.22 ms on connection [connectionId{localValue:3, serverValue:1801}] to server localhost:27017
22:20:49.732 [Thread-9] DEBUG org.mongodb.driver.operation - Received batch of 0 documents with cursorId 0 from server localhost:27017
22:20:49.734 [AsyncGetter-3-thread-1] DEBUG org.mongodb.driver.operation - retryWrites set to true but the server is a standalone server.
22:20:49.734 [AsyncGetter-3-thread-1] DEBUG org.mongodb.driver.protocol.command - Sending command '{"update": "user", "ordered": true, "$db": "tenistas", "lsid": {"id": {"$binary": {"base64": "N5Yve4NDRC6QI73/tH5BRA==", "subType": "04"}}}, "updates": [{"q": {"_id": "32"}, "u": {"id": "37", "name": "dsgs", "username": "e23d", "email": "juan", "password": "974f3036f39834082e23f4d70f1feba9d4805b3ee2cedb50b6f1f49f72dd83616c2155f9ff6e08a1cefbf9e6ba2f4aaa45233c8c066a65e002924abfa51590c4", "tipoUser": "CLIENTE", "phone": "3453", "website": "http://www.gfgd"}, "upsert": true}]}' with request id 296 to database tenistas on connection [connectionId{localValue:3, serverValue:1801}] to server localhost:27017
22:20:49.750 [Thread-10] DEBUG org.mongodb.driver.protocol.command - Execution of command with request id 296 completed successfully in 15.75 ms on connection [connectionId{localValue:3, serverValue:1801}] to server localhost:27017
22:20:49.752 [AsyncGetter-3-thread-1] DEBUG org.mongodb.driver.protocol.command - Sending command '{"find": "user", "filter": {"_id": "32"}, "limit": 1, "singleBatch": true, "$db": "tenistas", "lsid": {"id": {"$binary": {"base64": "N5Yve4NDRC6QI73/tH5BRA==", "subType": "04"}}}}' with request id 297 to database tenistas on connection [connectionId{localValue:3, serverValue:1801}] to server localhost:27017
22:20:49.752 [Thread-9] DEBUG org.mongodb.driver.protocol.command - Execution of command with request id 297 completed successfully in 0.99 ms on connection [connectionId{localValue:3, serverValue:1801}] to server localhost:27017
22:20:49.753 [Thread-9] DEBUG org.mongodb.driver.operation - Received batch of 1 documents with cursorId 0 from server localhost:27017
22:20:49.754 [AsyncGetter-3-thread-1] DEBUG org.mongodb.driver.operation - retryWrites set to true but the server is a standalone server.
22:20:49.754 [AsyncGetter-3-thread-1] DEBUG org.mongodb.driver.protocol.command - Sending command '{"update": "turno", "ordered": true, "$db": "tenistas", "lsid": {"id": {"$binary": {"base64": "N5Yve4NDRC6QI73/tH5BRA==", "subType": "04"}}}, "updates": [{"q": {"_id": "123"}, "u": {"fechaInicio": {"$date": "2022-02-15T00:00:00Z"}, "fechaFinal": {"$date": "2024-12-16T00:00:00Z"}, "usuario_id": "32"}, "upsert": true}]}' with request id 298 to database tenistas on connection [connectionId{localValue:3, serverValue:1801}] to server localhost:27017
22:20:49.770 [Thread-10] DEBUG org.mongodb.driver.protocol.command - Execution of command with request id 298 completed successfully in 15.74 ms on connection [connectionId{localValue:3, serverValue:1801}] to server localhost:27017
22:20:49.772 [AsyncGetter-3-thread-1] DEBUG org.mongodb.driver.protocol.command - Sending command '{"find": "turno", "filter": {}, "batchSize": 64, "$db": "tenistas", "lsid": {"id": {"$binary": {"base64": "N5Yve4NDRC6QI73/tH5BRA==", "subType": "04"}}}}' with request id 299 to database tenistas on connection [connectionId{localValue:3, serverValue:1801}] to server localhost:27017
22:20:49.772 [Thread-9] DEBUG org.mongodb.driver.protocol.command - Execution of command with request id 299 completed successfully in 1.02 ms on connection [connectionId{localValue:3, serverValue:1801}] to server localhost:27017
22:20:49.773 [Thread-9] DEBUG org.mongodb.driver.operation - Received batch of 1 documents with cursorId 0 from server localhost:27017
22:20:49.774 [AsyncGetter-3-thread-1] DEBUG org.mongodb.driver.operation - retryWrites set to true but the server is a standalone server.
22:20:49.777 [AsyncGetter-3-thread-1] DEBUG org.mongodb.driver.protocol.command - Sending command '{"update": "maquinaEncordar", "ordered": true, "$db": "tenistas", "lsid": {"id": {"$binary": {"base64": "N5Yve4NDRC6QI73/tH5BRA==", "subType": "04"}}}, "updates": [{"q": {"_id": "63e01dabcc53d942a0b0e42f"}, "u": {"marca": "Maquina marca Encordado 1", "modelo": "Maquina modelo Encordado 1", "fechaAdquisicion": {"$date": "2022-12-27T00:00:00Z"}, "numeroSerie": "3345", "tipo": "AUTOMATICA", "tensionMaxima": 12.32, "tensionMinima": 11.0, "turno_id": "123"}, "upsert": true}]}' with request id 300 to database tenistas on connection [connectionId{localValue:3, serverValue:1801}] to server localhost:27017
22:20:49.789 [Thread-10] DEBUG org.mongodb.driver.protocol.command - Execution of command with request id 300 completed successfully in 13.71 ms on connection [connectionId{localValue:3, serverValue:1801}] to server localhost:27017
22:20:49.793 [AsyncGetter-3-thread-1] DEBUG org.mongodb.driver.operation - retryWrites set to true but the server is a standalone server.
22:20:49.796 [AsyncGetter-3-thread-1] DEBUG org.mongodb.driver.protocol.command - Sending command '{"update": "maquinaEncordar", "ordered": true, "$db": "tenistas", "lsid": {"id": {"$binary": {"base64": "N5Yve4NDRC6QI73/tH5BRA==", "subType": "04"}}}, "updates": [{"q": {"_id": "63e01db1cc53d942a0b0e435"}, "u": {"$set": {"marca": "Maquina marca Encordado 12", "modelo": "Maquina modelo Encordado 1", "fechaAdquisicion": {"$date": "2022-12-27T00:00:00Z"}, "numeroSerie": "3345", "tipo": "AUTOMATICA", "tensionMaxima": 12.32, "tensionMinima": 11.0, "turno_id": "123"}}}]}' with request id 301 to database tenistas on connection [connectionId{localValue:3, serverValue:1801}] to server localhost:27017
22:20:49.798 [Thread-9] DEBUG org.mongodb.driver.protocol.command - Execution of command with request id 301 completed successfully in 2.31 ms on connection [connectionId{localValue:3, serverValue:1801}] to server localhost:27017
22:20:49.800 [AsyncGetter-3-thread-1] DEBUG org.mongodb.driver.protocol.command - Sending command '{"find": "maquinaEncordar", "filter": {}, "batchSize": 64, "$db": "tenistas", "lsid": {"id": {"$binary": {"base64": "N5Yve4NDRC6QI73/tH5BRA==", "subType": "04"}}}}' with request id 302 to database tenistas on connection [connectionId{localValue:3, serverValue:1801}] to server localhost:27017
22:20:49.801 [Thread-10] DEBUG org.mongodb.driver.protocol.command - Execution of command with request id 302 completed successfully in 1.10 ms on connection [connectionId{localValue:3, serverValue:1801}] to server localhost:27017
22:20:49.801 [Thread-10] DEBUG org.mongodb.driver.operation - Received batch of 1 documents with cursorId 0 from server localhost:27017
22:20:49.804 [AsyncGetter-3-thread-1] DEBUG org.mongodb.driver.operation - retryWrites set to true but the server is a standalone server.
22:20:49.805 [AsyncGetter-3-thread-1] DEBUG org.mongodb.driver.protocol.command - Sending command '{"delete": "maquinaEncordar", "ordered": true, "$db": "tenistas", "lsid": {"id": {"$binary": {"base64": "N5Yve4NDRC6QI73/tH5BRA==", "subType": "04"}}}, "deletes": [{"q": {"_id": "63e01dabcc53d942a0b0e42f"}, "limit": 1}]}' with request id 303 to database tenistas on connection [connectionId{localValue:3, serverValue:1801}] to server localhost:27017
22:20:49.805 [Thread-9] DEBUG org.mongodb.driver.protocol.command - Execution of command with request id 303 completed successfully in 1.21 ms on connection [connectionId{localValue:3, serverValue:1801}] to server localhost:27017
22:20:49.806 [AsyncGetter-3-thread-1] DEBUG org.mongodb.driver.operation - retryWrites set to true but the server is a standalone server.
22:20:49.807 [AsyncGetter-3-thread-1] DEBUG org.mongodb.driver.protocol.command - Sending command '{"delete": "turno", "ordered": true, "$db": "tenistas", "lsid": {"id": {"$binary": {"base64": "N5Yve4NDRC6QI73/tH5BRA==", "subType": "04"}}}, "deletes": [{"q": {"_id": "123"}, "limit": 1}]}' with request id 304 to database tenistas on connection [connectionId{localValue:3, serverValue:1801}] to server localhost:27017
22:20:49.808 [Thread-10] DEBUG org.mongodb.driver.protocol.command - Execution of command with request id 304 completed successfully in 0.99 ms on connection [connectionId{localValue:3, serverValue:1801}] to server localhost:27017
22:20:49.810 [AsyncGetter-3-thread-1] DEBUG org.mongodb.driver.operation - retryWrites set to true but the server is a standalone server.
22:20:49.811 [AsyncGetter-3-thread-1] DEBUG org.mongodb.driver.protocol.command - Sending command '{"delete": "user", "ordered": true, "$db": "tenistas", "lsid": {"id": {"$binary": {"base64": "N5Yve4NDRC6QI73/tH5BRA==", "subType": "04"}}}, "deletes": [{"q": {"_id": "32"}, "limit": 1}]}' with request id 305 to database tenistas on connection [connectionId{localValue:3, serverValue:1801}] to server localhost:27017
22:20:49.812 [Thread-9] DEBUG org.mongodb.driver.protocol.command - Execution of command with request id 305 completed successfully in 1.44 ms on connection [connectionId{localValue:3, serverValue:1801}] to server localhost:27017
]]></system-out>
  <system-err><![CDATA[]]></system-err>
</testsuite>
